12112: 19:38:34.298 - ---
12112: 19:38:34.298 - Service: "Photon Socket Server" starting
12112: 19:38:34.298 - Config File: E:\Dev\MOBAServer\Photon-OnPremise-Server\deploy\bin_Win64\PhotonServer.config
12112: 19:38:34.299 - Will produce at most: 10 crash dumps
12112: 19:38:34.299 - Action: run as exe
12112: 19:38:34.299 - Server Starting...
12112: 19:38:34.300 -    Tick count: 38596046 (wraps in: 49.2636 days)
12112: 19:38:34.300 - Tick count 64: 38596046
12112: 19:38:34.300 - Photon Version: 4.0.28.2962
12112: 19:38:34.300 - PID: 13400
12112: 19:38:34.300 - Config File: E:\Dev\MOBAServer\Photon-OnPremise-Server\deploy\bin_Win64\PhotonServer.config
12112: 19:38:34.300 - Will NOT log unimportant exceptions
12112: 19:38:34.302 - Not using performance counters as they are not currently installed. Run the service with /InstallCounters to install them.
12112: 19:38:34.302 - Shutdown timeout enabled: 30000ms
12112: 19:38:34.302 - Starting I/O thread pool with 2 threads
12112: 19:38:34.302 - Using Standard allocator
12112: 19:38:34.302 - Max message size: 512000
12112: 19:38:34.302 - Starting business logic thread pool with the following settings
12112: 19:38:34.302 - InitialThreads: 4 threads
12112: 19:38:34.302 - MinThreads: 4 threads
12112: 19:38:34.302 - Thread pool is fixed size
12112: 19:38:34.302 - Starting ENet thread pool with the following settings
12112: 19:38:34.302 - InitialThreads: 2 threads
12112: 19:38:34.302 - MinThreads: 2 threads
12112: 19:38:34.302 - Thread pool is fixed size
12112: 19:38:34.302 - OnlyDispatchTimers: False
12112: 19:38:34.302 - S2S: flow control: Max pending writes: 50
12112: 19:38:34.302 - S2S: flow control: Max queued buffers: 200
12112: 19:38:34.302 - S2S: flow control: Max pending writes MUX: 500
12112: 19:38:34.302 - S2S: flow control: Max queued buffers MUX: 2000
12112: 19:38:34.302 - S2S: MaxInboundMessageSize: 512000
12112: 19:38:34.302 - S2S: MaxOutboundMessageSize: 512000
12112: 19:38:34.302 - S2S: No inactivity timeout
12112: 19:38:34.305 - WebSocket S2S: MaxInboundMessageSize: 512000
12112: 19:38:34.305 - WebSocket S2S: MaxOutboundMessageSize: 512000
12112: 19:38:34.305 - WebSocket S2S: No inactivity timeout
12112: 19:38:34.305 - Max Reliable Data In Transit (awaiting ACKs) per peer : 51200 bytes
12112: 19:38:34.305 - Per peer bandwidth limit
12112: 19:38:34.305 - Transmit Rate Limit: 256 KB/Sec
12112: 19:38:34.305 - Limit period: 200ms
12112: 19:38:34.305 - Limit per period: 52428 bytes
12112: 19:38:34.305 - Max queued data for transmission per peer: 512000 bytes
12112: 19:38:34.305 - Minimum retransmit timeout: 200
12112: 19:38:34.305 - No Maximum retransmit timeout
12112: 19:38:34.305 - Minimum ENet timeout: 5000ms
12112: 19:38:34.305 - Maximum ENet timeout: 30000ms
12112: 19:38:34.305 - Max Inbound Reliable Data Queued (awaiting resends of earlier sequence numbers) per peer : 163840 bytes
12112: 19:38:34.305 - No RTT ACK adjustment timeout
12112: 19:38:34.305 - Outbound ENet: MaxInboundMessageSize: 512000
12112: 19:38:34.305 - Outbound ENet: MaxOutboundMessageSize: 512000
12112: 19:38:34.306 - GetRuntime - About to load CLR - versions available:
12112: 19:38:34.306 - v2.0.50727
12112: 19:38:34.306 - v4.0.30319
12112: 19:38:34.306 - Configuration requests: "v2.0.50727"
12112: 19:38:34.306 - About to load version: "v2.0.50727"
12112: 19:38:34.310 - About to load runtime: PhotonHostRuntime.PhotonDomainManager from PhotonHostRuntime, Culture=neutral, PublicKeyToken=02C301B61B060C4D
12112: 19:38:34.310 - CLRBaseDirectory set to "E:\Dev\MOBAServer\Photon-OnPremise-Server\deploy"
12112: 19:38:34.310 - Optimising event broadcast for 20 or more peers
12112: 19:38:34.310 - Start: About to load CLR - versions available:
12112: 19:38:34.310 - v2.0.50727
12112: 19:38:34.310 - v4.0.30319
12112: 19:38:34.310 - No preference in configuration file, will load latest.
12112: 19:38:34.310 - About to load version: "v4.0.30319"
12112: 19:38:34.312 - Loaded version: "v4.0.30319"
12112: 19:38:34.441 - Photon host runtime loaded
12112: 19:38:34.880 - License is valid.
12112: 19:38:34.880 - Licensed for 100 concurrent connections.
12112: 19:38:34.880 - ENet: Max Reliable Data In Transit (awaiting ACKs) per peer : 51200 bytes
12112: 19:38:34.880 - ENet: Per peer bandwidth limit
12112: 19:38:34.880 - ENet: Transmit Rate Limit: 256 KB/Sec
12112: 19:38:34.880 - ENet: Limit period: 200ms
12112: 19:38:34.880 - ENet: Limit per period: 52428 bytes
12112: 19:38:34.880 - ENet: Max queued data for transmission per peer: 512000 bytes
12112: 19:38:34.880 - ENet: Minimum retransmit timeout: 200
12112: 19:38:34.880 - No Maximum retransmit timeout
12112: 19:38:34.880 - ENet: Minimum timeout: 5000ms
12112: 19:38:34.880 - ENet: Maximum timeout: 30000ms
12112: 19:38:34.880 - ENet: Max Inbound Reliable Data Queued (awaiting resends of earlier sequence numbers) per peer : 163840 bytes
12112: 19:38:34.880 - No RTT ACK adjustment timeout
12112: 19:38:34.880 - About to load application: MMoDemo from Photon.MmoDemo.Server
12112: 19:38:34.880 - Auto restart is enabled for application, existing connections will be terminated during restart
12112: 19:38:34.880 - Application will restart 1000ms after the last change detected
12112: 19:38:34.880 - Application will restart if files matching the following are changed: "dll;config"
12112: 19:38:34.880 - Application will NOT restart if files matching the following are changed: "log4net.config"
12112: 19:38:34.935 - CService::OnException() - Exception: CManagedHost::CreateApplicationInNewAppDomain() - Failed to create new application domain for : "MMoDemo" - Can't find Photon.MmoDemo.Server.dll in  or E:\Dev\MOBAServer\Photon-OnPremise-Server\deploy\MmoDemo\bin
12112: 19:38:34.935 - Server shutting down...
12112: 19:38:34.935 - Shutdown monitoring enabled, 30000ms before process abort
12112: 19:38:34.935 - Notifying CLR applications of shutdown...
12112: 19:38:34.935 - RequestStop: defalt app domain
12112: 19:38:34.936 - Shutting down WebSocket Outbound Connection Manager...
12112: 19:38:34.936 - Shutting down TCP Outbound Connection Manager...
12112: 19:38:34.936 - Shutting down ENet Outbound Connection Manager...
12112: 19:38:34.936 - Disconnecting all outbound peers...
12112: 19:38:34.936 - Shutting down ENet host...
12112: 19:38:34.936 - Disconnecting all peers...
12112: 19:38:34.936 - Shutting down socket servers...
12112: 19:38:34.936 - Shutting down ENet thread pool...
12112: 19:38:34.937 - Shutting down TCP inactivity timers...
12112: 19:38:34.937 - Shutting down CLR applications...
12112: 19:38:34.937 - Shutting down business logic thread pool...
12112: 19:38:34.937 - Shutting down I/O thread pool...
12112: 19:38:34.937 - Destroying servers
12112: 19:38:34.937 - Destroying WebSocket Outbound Connection Manager
12112: 19:38:34.937 - Destroying TCP Outbound Connection Manager
12112: 19:38:34.937 - Destroying TCP inactivity timer
12112: 19:38:34.937 - Destroying ENet timer wheel
12112: 19:38:34.937 - Destroying ENet host
12112: 19:38:34.937 - Destroying ENet outbound host
12112: 19:38:34.937 - Destroying HTTP inactivity timer
12112: 19:38:34.937 - Destroying HTTP host
12112: 19:38:34.937 - Destroying HTTP Chunk host
12112: 19:38:34.937 - Flushing ENET buffer allocator...
12112: 19:38:34.937 - Flushing TCP buffer handle allocator...
12112: 19:38:34.937 - Flushing stream socket allocator...
12112: 19:38:34.937 - Flushing inbound datagram socket allocator...
12112: 19:38:34.937 - Flushing outbound datagram socket allocator...
12112: 19:38:34.937 - Destroying CLR dispatcher
12112: 19:38:34.937 - Destroying CLR applications
12112: 19:38:34.937 - ~CCLRApplicationCollection() - Waiting up to 10 seconds for the CLR to release all of our objects
12112: 19:38:34.937 - ~CCLRApplicationCollection() - Done. All objects released
12112: 19:38:34.937 - ~CManagedHost() - Release default app domain
12112: 19:38:34.937 - CManagedHost::OnDomainUnload() - 1
12112: 19:38:34.937 - ~CManagedHost() - Waiting up to 10 seconds for CLR shutdown...
12112: 19:38:34.937 - ~CManagedHost
12112: 19:38:34.937 - Destroying ENet thread pool
12112: 19:38:34.937 - Destroying Business logic thread pool
12112: 19:38:34.937 - Destroying I/O thread pool
12112: 19:38:34.937 - Destroying ENet buffer allocator
12112: 19:38:34.937 - Destroying TCP buffer allocator
12112: 19:38:34.937 - Destroying TCP socket allocator
12112: 19:38:34.937 - Destroying ENet inbound socket allocator
12112: 19:38:34.937 - Destroying ENet outbound socket allocator
12112: 19:38:34.937 - Destroying shared datagram flow control data
12112: 19:38:34.937 - Shutdown complete...
12112: 19:38:34.937 - Service shutting down
12112: 19:38:34.938 - Service shut down complete
