11348: 16:24:43.234 - ---
11348: 16:24:43.234 - Service: "Photon Socket Server" starting
11348: 16:24:43.234 - Config File: E:\Dev\MOBAServer\Photon-OnPremise-Server\deploy\bin_Win64\PhotonServer.config
11348: 16:24:43.238 - Will produce at most: 10 crash dumps
11348: 16:24:43.238 - Action: run as exe
11348: 16:24:43.238 - Server Starting...
11348: 16:24:43.238 -    Tick count: 27354968 (wraps in: 49.3937 days)
11348: 16:24:43.238 - Tick count 64: 27354968
11348: 16:24:43.238 - Photon Version: 4.0.28.2962
11348: 16:24:43.238 - PID: 17932
11348: 16:24:43.239 - Config File: E:\Dev\MOBAServer\Photon-OnPremise-Server\deploy\bin_Win64\PhotonServer.config
11348: 16:24:43.239 - Will NOT log unimportant exceptions
11348: 16:24:43.240 - Not using performance counters as they are not currently installed. Run the service with /InstallCounters to install them.
11348: 16:24:43.241 - Shutdown timeout enabled: 30000ms
11348: 16:24:43.241 - Starting I/O thread pool with 2 threads
11348: 16:24:43.241 - Using Standard allocator
11348: 16:24:43.241 - Max message size: 512000
11348: 16:24:43.241 - Starting business logic thread pool with the following settings
11348: 16:24:43.241 - InitialThreads: 4 threads
11348: 16:24:43.241 - MinThreads: 4 threads
11348: 16:24:43.241 - Thread pool is fixed size
11348: 16:24:43.241 - Starting ENet thread pool with the following settings
11348: 16:24:43.241 - InitialThreads: 2 threads
11348: 16:24:43.241 - MinThreads: 2 threads
11348: 16:24:43.241 - Thread pool is fixed size
11348: 16:24:43.241 - OnlyDispatchTimers: False
11348: 16:24:43.241 - S2S: flow control: Max pending writes: 50
11348: 16:24:43.241 - S2S: flow control: Max queued buffers: 200
11348: 16:24:43.241 - S2S: flow control: Max pending writes MUX: 500
11348: 16:24:43.241 - S2S: flow control: Max queued buffers MUX: 2000
11348: 16:24:43.241 - S2S: MaxInboundMessageSize: 512000
11348: 16:24:43.241 - S2S: MaxOutboundMessageSize: 512000
11348: 16:24:43.241 - S2S: No inactivity timeout
11348: 16:24:43.244 - WebSocket S2S: MaxInboundMessageSize: 512000
11348: 16:24:43.244 - WebSocket S2S: MaxOutboundMessageSize: 512000
11348: 16:24:43.244 - WebSocket S2S: No inactivity timeout
11348: 16:24:43.244 - Max Reliable Data In Transit (awaiting ACKs) per peer : 51200 bytes
11348: 16:24:43.244 - Per peer bandwidth limit
11348: 16:24:43.244 - Transmit Rate Limit: 256 KB/Sec
11348: 16:24:43.244 - Limit period: 200ms
11348: 16:24:43.244 - Limit per period: 52428 bytes
11348: 16:24:43.244 - Max queued data for transmission per peer: 512000 bytes
11348: 16:24:43.244 - Minimum retransmit timeout: 200
11348: 16:24:43.244 - No Maximum retransmit timeout
11348: 16:24:43.244 - Minimum ENet timeout: 5000ms
11348: 16:24:43.244 - Maximum ENet timeout: 30000ms
11348: 16:24:43.244 - Max Inbound Reliable Data Queued (awaiting resends of earlier sequence numbers) per peer : 163840 bytes
11348: 16:24:43.244 - No RTT ACK adjustment timeout
11348: 16:24:43.244 - Outbound ENet: MaxInboundMessageSize: 512000
11348: 16:24:43.244 - Outbound ENet: MaxOutboundMessageSize: 512000
11348: 16:24:43.246 - GetRuntime - About to load CLR - versions available:
11348: 16:24:43.246 - v2.0.50727
11348: 16:24:43.246 - v4.0.30319
11348: 16:24:43.246 - Configuration requests: "v2.0.50727"
11348: 16:24:43.246 - About to load version: "v2.0.50727"
11348: 16:24:43.267 - About to load runtime: PhotonHostRuntime.PhotonDomainManager from PhotonHostRuntime, Culture=neutral, PublicKeyToken=02C301B61B060C4D
11348: 16:24:43.267 - CLRBaseDirectory set to "E:\Dev\MOBAServer\Photon-OnPremise-Server\deploy"
11348: 16:24:43.267 - Optimising event broadcast for 20 or more peers
11348: 16:24:43.268 - Start: About to load CLR - versions available:
11348: 16:24:43.268 - v2.0.50727
11348: 16:24:43.268 - v4.0.30319
11348: 16:24:43.268 - No preference in configuration file, will load latest.
11348: 16:24:43.268 - About to load version: "v4.0.30319"
11348: 16:24:43.269 - Loaded version: "v4.0.30319"
11348: 16:24:43.410 - Photon host runtime loaded
11348: 16:24:44.843 - License is valid.
11348: 16:24:44.843 - Licensed for 100 concurrent connections.
11348: 16:24:44.843 - ENet: Max Reliable Data In Transit (awaiting ACKs) per peer : 51200 bytes
11348: 16:24:44.843 - ENet: Per peer bandwidth limit
11348: 16:24:44.843 - ENet: Transmit Rate Limit: 256 KB/Sec
11348: 16:24:44.843 - ENet: Limit period: 200ms
11348: 16:24:44.843 - ENet: Limit per period: 52428 bytes
11348: 16:24:44.843 - ENet: Max queued data for transmission per peer: 512000 bytes
11348: 16:24:44.843 - ENet: Minimum retransmit timeout: 200
11348: 16:24:44.843 - No Maximum retransmit timeout
11348: 16:24:44.843 - ENet: Minimum timeout: 5000ms
11348: 16:24:44.843 - ENet: Maximum timeout: 30000ms
11348: 16:24:44.843 - ENet: Max Inbound Reliable Data Queued (awaiting resends of earlier sequence numbers) per peer : 163840 bytes
11348: 16:24:44.843 - No RTT ACK adjustment timeout
11348: 16:24:44.843 - About to load application: MOBA from MOBAServer
11348: 16:24:44.843 - Auto restart is enabled for application, existing connections will be terminated during restart
11348: 16:24:44.843 - Application will restart 1000ms after the last change detected
11348: 16:24:44.843 - Application will restart if files matching the following are changed: "dll;config"
11348: 16:24:44.843 - Application will NOT restart if files matching the following are changed: "log4net.config"
11348: 16:24:45.099 - Taking reference on default app domain
11348: 16:24:45.305 - Application: "MOBA" started in app domain: 2
11348: 16:24:45.306 - Adding TCP listener on: 0.0.0.0: 4530 with a listen backlog of: 150
11348: 16:24:45.306 - TCP inactivity timeout: 10000ms
11348: 16:24:45.306 - TCP disconnect timeout: 120000ms
11348: 16:24:45.306 - MaxInboundMessageSize: 512000
11348: 16:24:45.306 - MaxOutboundMessageSize: 512000
11348: 16:24:45.306 - Forcing all applications ids to: "MOBA"
11348: 16:24:45.306 - Serving policy file requests from: "E:\Dev\MOBAServer\Photon-OnPremise-Server\deploy\Policy\assets\socket-policy.xml"
11348: 16:24:45.306 - Adding TCP listener on: 0.0.0.0: 4520 with a listen backlog of: 150
11348: 16:24:45.306 - TCP inactivity timeout: 5000ms
11348: 16:24:45.306 - TCP disconnect timeout: 120000ms
11348: 16:24:45.306 - MaxInboundMessageSize: 512000
11348: 16:24:45.306 - MaxOutboundMessageSize: 512000
11348: 16:24:45.306 - Forcing all applications ids to: "MOBA"
11348: 16:24:45.306 - MaxInboundMessageSize: 512000
11348: 16:24:45.306 - MaxOutboundMessageSize: 512000
11348: 16:24:45.306 - UDP address specified as: "0.0.0.0" adding listener to each available IPv4 address
11348: 16:24:45.306 - Adding UDP listener on: 192.168.16.141: 5055 with a listen backlog of: 500
11348: 16:24:45.306 - Adding UDP listener on: 127.0.0.1: 5055 with a listen backlog of: 500
11348: 16:24:45.307 - Adding Policy File listener on: 0.0.0.0: 843 with a listen backlog of: 150 and serving Policy File: "E:\Dev\MOBAServer\Photon-OnPremise-Server\deploy\Policy\assets\socket-policy.xml"
11348: 16:24:45.307 - TCP inactivity timeout: 1000ms
11348: 16:24:45.307 - Adding Policy File listener on: 0.0.0.0: 943 with a listen backlog of: 150 and serving Policy File: "E:\Dev\MOBAServer\Photon-OnPremise-Server\deploy\Policy\assets\socket-policy-silverlight.xml"
11348: 16:24:45.307 - TCP inactivity timeout: 1000ms
11348: 16:24:45.320 - Service is running...
11348: 16:24:45.370 - MOBA:2 - PhotonRunning() failed.
Exception:
System.NotImplementedException: 未实现该方法或操作。
   在 MOBAServer.MobaApplication.Setup() 位置 E:\Dev\MOBAServer\Server\MOBAServer\MobaApplication.cs:行号 32
   在 Photon.SocketServer.ApplicationBase.PhotonHostRuntimeInterfaces.IPhotonControl.OnPhotonRunning() 位置 h:\svncontent\photon-socketserver-sdk_cloud\src\Photon.SocketServer\ApplicationBase.cs:行号 1189
   在 PhotonHostRuntime.PhotonDomainManager.PhotonRunning()
11348: 16:24:45.371 - CService::OnException() - Exception: CManagedHost::PhotonRunning() - Failed in AppDomain: 2 - 尚未实现
11348: 16:24:45.371 - Server shutting down...
11348: 16:24:45.371 - Shutdown monitoring enabled, 30000ms before process abort
11348: 16:24:45.371 - Notifying CLR applications of shutdown...
11348: 16:24:45.371 - RequestApplicationStop: 2
11348: 16:24:45.374 - RequestStop: defalt app domain
11348: 16:24:45.376 - Shutting down WebSocket Outbound Connection Manager...
11348: 16:24:45.376 - Shutting down TCP Outbound Connection Manager...
11348: 16:24:45.376 - Shutting down ENet Outbound Connection Manager...
11348: 16:24:45.376 - Disconnecting all outbound peers...
11348: 16:24:45.376 - Shutting down ENet host...
11348: 16:24:45.376 - Disconnecting all peers...
11348: 16:24:45.376 - Shutting down socket servers...
11348: 16:24:45.381 - Shutting down ENet thread pool...
11348: 16:24:45.381 - Shutting down TCP inactivity timers...
11348: 16:24:45.381 - WaitingForShutdownToComplete: NativePolicy:0.0.0.0:843
11348: 16:24:45.381 - OnShutdownCompleted: NativePolicy:0.0.0.0:843
11348: 16:24:45.381 - WaitingForShutdownToComplete: NativePolicy:0.0.0.0:943
11348: 16:24:45.381 - OnShutdownCompleted: NativePolicy:0.0.0.0:943
11348: 16:24:45.381 - WaitingForShutdownToComplete: TCP:0.0.0.0:4520
11348: 16:24:45.381 - OnShutdownCompleted: TCP:0.0.0.0:4520
11348: 16:24:45.381 - WaitingForShutdownToComplete: TCP:0.0.0.0:4530
11348: 16:24:45.381 - OnShutdownCompleted: TCP:0.0.0.0:4530
11348: 16:24:45.381 - WaitingForShutdownToComplete: UDP:127.0.0.1:5055
11348: 16:24:45.381 - OnShutdownCompleted: UDP:127.0.0.1:5055
11348: 16:24:45.381 - WaitingForShutdownToComplete: UDP:192.168.16.141:5055
11348: 16:24:45.381 - OnShutdownCompleted: UDP:192.168.16.141:5055
11348: 16:24:45.381 - Shutting down CLR applications...
11348: 16:24:45.384 - MOBA:2 - Stop() failed.
Exception:
System.NotImplementedException: 未实现该方法或操作。
   在 MOBAServer.MobaApplication.TearDown() 位置 E:\Dev\MOBAServer\Server\MOBAServer\MobaApplication.cs:行号 40
   在 Photon.SocketServer.ApplicationBase.PhotonHostRuntimeInterfaces.IPhotonControl.OnStop() 位置 h:\svncontent\photon-socketserver-sdk_cloud\src\Photon.SocketServer\ApplicationBase.cs:行号 1212
   在 PhotonHostRuntime.PhotonDomainManager.Stop()
11348: 16:24:45.385 - Shutting down business logic thread pool...
11348: 16:24:45.385 - Shutting down I/O thread pool...
11348: 16:24:45.385 - Destroying servers
11348: 16:24:45.385 - Destroying WebSocket Outbound Connection Manager
11348: 16:24:45.385 - Destroying TCP Outbound Connection Manager
11348: 16:24:45.385 - Destroying TCP inactivity timer
11348: 16:24:45.385 - Destroying ENet timer wheel
11348: 16:24:45.385 - Destroying ENet host
11348: 16:24:45.385 - Destroying ENet outbound host
11348: 16:24:45.385 - Destroying HTTP inactivity timer
11348: 16:24:45.385 - Destroying HTTP host
11348: 16:24:45.385 - Destroying HTTP Chunk host
11348: 16:24:45.385 - Flushing ENET buffer allocator...
11348: 16:24:45.386 - Flushing TCP buffer handle allocator...
11348: 16:24:45.386 - Flushing stream socket allocator...
11348: 16:24:45.386 - Flushing inbound datagram socket allocator...
11348: 16:24:45.387 - Flushing outbound datagram socket allocator...
11348: 16:24:45.387 - Destroying CLR dispatcher
11348: 16:24:45.387 - Destroying CLR applications
11348: 16:24:45.387 - ~CCLRApplicationCollection() - Waiting up to 10 seconds for the CLR to release all of our objects
11348: 16:24:55.387 - ~CCLRApplicationCollection() - CLR failed to release all COM objects. Photon peers and application sinks may have leaked
11348: 16:24:55.387 - ~CManagedHost() - Release default app domain
11348: 16:24:55.387 - CManagedHost::OnDomainUnload() - 1
11348: 16:24:55.387 - ~CManagedHost() - Waiting up to 10 seconds for CLR shutdown...
11348: 16:25:05.388 - ~CManagedHost() - Timeout waiting for CLR shutdown, we may report Photon peer leaks...
11348: 16:25:05.388 - Release domain manager: 2
11348: 16:25:05.388 - ~CManagedHost
11348: 16:25:05.388 - Destroying ENet thread pool
11348: 16:25:05.388 - Destroying Business logic thread pool
11348: 16:25:05.388 - Destroying I/O thread pool
11348: 16:25:05.388 - Destroying ENet buffer allocator
11348: 16:25:05.388 - Destroying TCP buffer allocator
11348: 16:25:05.388 - Destroying TCP socket allocator
11348: 16:25:05.388 - Destroying ENet inbound socket allocator
11348: 16:25:05.388 - Destroying ENet outbound socket allocator
11348: 16:25:05.388 - Destroying shared datagram flow control data
11348: 16:25:05.388 - Shutdown complete...
11348: 16:25:05.388 - Service shutting down
11348: 16:25:05.388 - Service shut down complete
1820: 16:26:35.286 - ---
1820: 16:26:35.286 - Service: "Photon Socket Server" starting
1820: 16:26:35.286 - Config File: E:\Dev\MOBAServer\Photon-OnPremise-Server\deploy\bin_Win64\PhotonServer.config
1820: 16:26:35.287 - Will produce at most: 10 crash dumps
1820: 16:26:35.287 - Action: run as exe
1820: 16:26:35.287 - Server Starting...
1820: 16:26:35.287 -    Tick count: 27467031 (wraps in: 49.3924 days)
1820: 16:26:35.287 - Tick count 64: 27467031
1820: 16:26:35.288 - Photon Version: 4.0.28.2962
1820: 16:26:35.288 - PID: 16436
1820: 16:26:35.288 - Config File: E:\Dev\MOBAServer\Photon-OnPremise-Server\deploy\bin_Win64\PhotonServer.config
1820: 16:26:35.288 - Will NOT log unimportant exceptions
1820: 16:26:35.289 - Not using performance counters as they are not currently installed. Run the service with /InstallCounters to install them.
1820: 16:26:35.289 - Shutdown timeout enabled: 30000ms
1820: 16:26:35.289 - Starting I/O thread pool with 2 threads
1820: 16:26:35.289 - Using Standard allocator
1820: 16:26:35.289 - Max message size: 512000
1820: 16:26:35.289 - Starting business logic thread pool with the following settings
1820: 16:26:35.289 - InitialThreads: 4 threads
1820: 16:26:35.289 - MinThreads: 4 threads
1820: 16:26:35.289 - Thread pool is fixed size
1820: 16:26:35.290 - Starting ENet thread pool with the following settings
1820: 16:26:35.290 - InitialThreads: 2 threads
1820: 16:26:35.290 - MinThreads: 2 threads
1820: 16:26:35.290 - Thread pool is fixed size
1820: 16:26:35.290 - OnlyDispatchTimers: False
1820: 16:26:35.290 - S2S: flow control: Max pending writes: 50
1820: 16:26:35.290 - S2S: flow control: Max queued buffers: 200
1820: 16:26:35.290 - S2S: flow control: Max pending writes MUX: 500
1820: 16:26:35.290 - S2S: flow control: Max queued buffers MUX: 2000
1820: 16:26:35.290 - S2S: MaxInboundMessageSize: 512000
1820: 16:26:35.290 - S2S: MaxOutboundMessageSize: 512000
1820: 16:26:35.290 - S2S: No inactivity timeout
1820: 16:26:35.292 - WebSocket S2S: MaxInboundMessageSize: 512000
1820: 16:26:35.292 - WebSocket S2S: MaxOutboundMessageSize: 512000
1820: 16:26:35.292 - WebSocket S2S: No inactivity timeout
1820: 16:26:35.292 - Max Reliable Data In Transit (awaiting ACKs) per peer : 51200 bytes
1820: 16:26:35.292 - Per peer bandwidth limit
1820: 16:26:35.292 - Transmit Rate Limit: 256 KB/Sec
1820: 16:26:35.292 - Limit period: 200ms
1820: 16:26:35.292 - Limit per period: 52428 bytes
1820: 16:26:35.292 - Max queued data for transmission per peer: 512000 bytes
1820: 16:26:35.292 - Minimum retransmit timeout: 200
1820: 16:26:35.293 - No Maximum retransmit timeout
1820: 16:26:35.293 - Minimum ENet timeout: 5000ms
1820: 16:26:35.293 - Maximum ENet timeout: 30000ms
1820: 16:26:35.293 - Max Inbound Reliable Data Queued (awaiting resends of earlier sequence numbers) per peer : 163840 bytes
1820: 16:26:35.293 - No RTT ACK adjustment timeout
1820: 16:26:35.293 - Outbound ENet: MaxInboundMessageSize: 512000
1820: 16:26:35.293 - Outbound ENet: MaxOutboundMessageSize: 512000
1820: 16:26:35.294 - GetRuntime - About to load CLR - versions available:
1820: 16:26:35.294 - v2.0.50727
1820: 16:26:35.294 - v4.0.30319
1820: 16:26:35.294 - Configuration requests: "v2.0.50727"
1820: 16:26:35.294 - About to load version: "v2.0.50727"
1820: 16:26:35.298 - About to load runtime: PhotonHostRuntime.PhotonDomainManager from PhotonHostRuntime, Culture=neutral, PublicKeyToken=02C301B61B060C4D
1820: 16:26:35.298 - CLRBaseDirectory set to "E:\Dev\MOBAServer\Photon-OnPremise-Server\deploy"
1820: 16:26:35.298 - Optimising event broadcast for 20 or more peers
1820: 16:26:35.299 - Start: About to load CLR - versions available:
1820: 16:26:35.299 - v2.0.50727
1820: 16:26:35.299 - v4.0.30319
1820: 16:26:35.299 - No preference in configuration file, will load latest.
1820: 16:26:35.299 - About to load version: "v4.0.30319"
1820: 16:26:35.300 - Loaded version: "v4.0.30319"
1820: 16:26:35.416 - Photon host runtime loaded
1820: 16:26:36.788 - License is valid.
1820: 16:26:36.788 - Licensed for 100 concurrent connections.
1820: 16:26:36.788 - ENet: Max Reliable Data In Transit (awaiting ACKs) per peer : 51200 bytes
1820: 16:26:36.788 - ENet: Per peer bandwidth limit
1820: 16:26:36.788 - ENet: Transmit Rate Limit: 256 KB/Sec
1820: 16:26:36.788 - ENet: Limit period: 200ms
1820: 16:26:36.788 - ENet: Limit per period: 52428 bytes
1820: 16:26:36.788 - ENet: Max queued data for transmission per peer: 512000 bytes
1820: 16:26:36.788 - ENet: Minimum retransmit timeout: 200
1820: 16:26:36.788 - No Maximum retransmit timeout
1820: 16:26:36.788 - ENet: Minimum timeout: 5000ms
1820: 16:26:36.788 - ENet: Maximum timeout: 30000ms
1820: 16:26:36.788 - ENet: Max Inbound Reliable Data Queued (awaiting resends of earlier sequence numbers) per peer : 163840 bytes
1820: 16:26:36.788 - No RTT ACK adjustment timeout
1820: 16:26:36.788 - About to load application: MOBA from MOBAServer
1820: 16:26:36.788 - Auto restart is enabled for application, existing connections will be terminated during restart
1820: 16:26:36.788 - Application will restart 1000ms after the last change detected
1820: 16:26:36.788 - Application will restart if files matching the following are changed: "dll;config"
1820: 16:26:36.788 - Application will NOT restart if files matching the following are changed: "log4net.config"
1820: 16:26:37.011 - Taking reference on default app domain
1820: 16:26:37.204 - Application: "MOBA" started in app domain: 2
1820: 16:26:37.204 - Adding TCP listener on: 0.0.0.0: 4530 with a listen backlog of: 150
1820: 16:26:37.204 - TCP inactivity timeout: 10000ms
1820: 16:26:37.204 - TCP disconnect timeout: 120000ms
1820: 16:26:37.204 - MaxInboundMessageSize: 512000
1820: 16:26:37.204 - MaxOutboundMessageSize: 512000
1820: 16:26:37.204 - Forcing all applications ids to: "MOBA"
1820: 16:26:37.204 - Serving policy file requests from: "E:\Dev\MOBAServer\Photon-OnPremise-Server\deploy\Policy\assets\socket-policy.xml"
1820: 16:26:37.204 - Adding TCP listener on: 0.0.0.0: 4520 with a listen backlog of: 150
1820: 16:26:37.204 - TCP inactivity timeout: 5000ms
1820: 16:26:37.204 - TCP disconnect timeout: 120000ms
1820: 16:26:37.204 - MaxInboundMessageSize: 512000
1820: 16:26:37.204 - MaxOutboundMessageSize: 512000
1820: 16:26:37.204 - Forcing all applications ids to: "MOBA"
1820: 16:26:37.204 - MaxInboundMessageSize: 512000
1820: 16:26:37.204 - MaxOutboundMessageSize: 512000
1820: 16:26:37.204 - UDP address specified as: "0.0.0.0" adding listener to each available IPv4 address
1820: 16:26:37.205 - Adding UDP listener on: 192.168.16.141: 5055 with a listen backlog of: 500
1820: 16:26:37.205 - Adding UDP listener on: 127.0.0.1: 5055 with a listen backlog of: 500
1820: 16:26:37.205 - Adding Policy File listener on: 0.0.0.0: 843 with a listen backlog of: 150 and serving Policy File: "E:\Dev\MOBAServer\Photon-OnPremise-Server\deploy\Policy\assets\socket-policy.xml"
1820: 16:26:37.205 - TCP inactivity timeout: 1000ms
1820: 16:26:37.205 - Adding Policy File listener on: 0.0.0.0: 943 with a listen backlog of: 150 and serving Policy File: "E:\Dev\MOBAServer\Photon-OnPremise-Server\deploy\Policy\assets\socket-policy-silverlight.xml"
1820: 16:26:37.205 - TCP inactivity timeout: 1000ms
1820: 16:26:37.220 - Service is running...
1820: 16:26:37.229 - MOBA:2 - PhotonRunning() failed.
Exception:
System.NotImplementedException: 未实现该方法或操作。
   在 MOBAServer.MobaApplication.Setup() 位置 E:\Dev\MOBAServer\Server\MOBAServer\MobaApplication.cs:行号 32
   在 Photon.SocketServer.ApplicationBase.PhotonHostRuntimeInterfaces.IPhotonControl.OnPhotonRunning() 位置 h:\svncontent\photon-socketserver-sdk_cloud\src\Photon.SocketServer\ApplicationBase.cs:行号 1189
   在 PhotonHostRuntime.PhotonDomainManager.PhotonRunning()
1820: 16:26:37.229 - CService::OnException() - Exception: CManagedHost::PhotonRunning() - Failed in AppDomain: 2 - 尚未实现
1820: 16:26:37.229 - Server shutting down...
1820: 16:26:37.229 - Shutdown monitoring enabled, 30000ms before process abort
1820: 16:26:37.229 - Notifying CLR applications of shutdown...
1820: 16:26:37.229 - RequestApplicationStop: 2
1820: 16:26:37.232 - RequestStop: defalt app domain
1820: 16:26:37.234 - Shutting down WebSocket Outbound Connection Manager...
1820: 16:26:37.234 - Shutting down TCP Outbound Connection Manager...
1820: 16:26:37.234 - Shutting down ENet Outbound Connection Manager...
1820: 16:26:37.234 - Disconnecting all outbound peers...
1820: 16:26:37.234 - Shutting down ENet host...
1820: 16:26:37.234 - Disconnecting all peers...
1820: 16:26:37.234 - Shutting down socket servers...
1820: 16:26:37.239 - Shutting down ENet thread pool...
1820: 16:26:37.239 - Shutting down TCP inactivity timers...
1820: 16:26:37.239 - WaitingForShutdownToComplete: NativePolicy:0.0.0.0:843
1820: 16:26:37.239 - OnShutdownCompleted: NativePolicy:0.0.0.0:843
1820: 16:26:37.239 - WaitingForShutdownToComplete: NativePolicy:0.0.0.0:943
1820: 16:26:37.239 - OnShutdownCompleted: NativePolicy:0.0.0.0:943
1820: 16:26:37.239 - WaitingForShutdownToComplete: TCP:0.0.0.0:4520
1820: 16:26:37.239 - OnShutdownCompleted: TCP:0.0.0.0:4520
1820: 16:26:37.239 - WaitingForShutdownToComplete: TCP:0.0.0.0:4530
1820: 16:26:37.239 - OnShutdownCompleted: TCP:0.0.0.0:4530
1820: 16:26:37.239 - WaitingForShutdownToComplete: UDP:127.0.0.1:5055
1820: 16:26:37.239 - OnShutdownCompleted: UDP:127.0.0.1:5055
1820: 16:26:37.239 - WaitingForShutdownToComplete: UDP:192.168.16.141:5055
1820: 16:26:37.239 - OnShutdownCompleted: UDP:192.168.16.141:5055
1820: 16:26:37.239 - Shutting down CLR applications...
1820: 16:26:37.243 - MOBA:2 - Stop() failed.
Exception:
System.NotImplementedException: 未实现该方法或操作。
   在 MOBAServer.MobaApplication.TearDown() 位置 E:\Dev\MOBAServer\Server\MOBAServer\MobaApplication.cs:行号 40
   在 Photon.SocketServer.ApplicationBase.PhotonHostRuntimeInterfaces.IPhotonControl.OnStop() 位置 h:\svncontent\photon-socketserver-sdk_cloud\src\Photon.SocketServer\ApplicationBase.cs:行号 1212
   在 PhotonHostRuntime.PhotonDomainManager.Stop()
1820: 16:26:37.243 - Shutting down business logic thread pool...
1820: 16:26:37.243 - Shutting down I/O thread pool...
1820: 16:26:37.243 - Destroying servers
1820: 16:26:37.243 - Destroying WebSocket Outbound Connection Manager
1820: 16:26:37.243 - Destroying TCP Outbound Connection Manager
1820: 16:26:37.243 - Destroying TCP inactivity timer
1820: 16:26:37.243 - Destroying ENet timer wheel
1820: 16:26:37.243 - Destroying ENet host
1820: 16:26:37.243 - Destroying ENet outbound host
1820: 16:26:37.243 - Destroying HTTP inactivity timer
1820: 16:26:37.243 - Destroying HTTP host
1820: 16:26:37.243 - Destroying HTTP Chunk host
1820: 16:26:37.243 - Flushing ENET buffer allocator...
1820: 16:26:37.244 - Flushing TCP buffer handle allocator...
1820: 16:26:37.244 - Flushing stream socket allocator...
1820: 16:26:37.244 - Flushing inbound datagram socket allocator...
1820: 16:26:37.245 - Flushing outbound datagram socket allocator...
1820: 16:26:37.245 - Destroying CLR dispatcher
1820: 16:26:37.245 - Destroying CLR applications
1820: 16:26:37.245 - ~CCLRApplicationCollection() - Waiting up to 10 seconds for the CLR to release all of our objects
1820: 16:26:47.245 - ~CCLRApplicationCollection() - CLR failed to release all COM objects. Photon peers and application sinks may have leaked
1820: 16:26:47.245 - ~CManagedHost() - Release default app domain
1820: 16:26:47.245 - CManagedHost::OnDomainUnload() - 1
1820: 16:26:47.245 - ~CManagedHost() - Waiting up to 10 seconds for CLR shutdown...
1820: 16:26:57.246 - ~CManagedHost() - Timeout waiting for CLR shutdown, we may report Photon peer leaks...
1820: 16:26:57.246 - Release domain manager: 2
1820: 16:26:57.246 - ~CManagedHost
1820: 16:26:57.246 - Destroying ENet thread pool
1820: 16:26:57.246 - Destroying Business logic thread pool
1820: 16:26:57.246 - Destroying I/O thread pool
1820: 16:26:57.246 - Destroying ENet buffer allocator
1820: 16:26:57.246 - Destroying TCP buffer allocator
1820: 16:26:57.246 - Destroying TCP socket allocator
1820: 16:26:57.246 - Destroying ENet inbound socket allocator
1820: 16:26:57.246 - Destroying ENet outbound socket allocator
1820: 16:26:57.246 - Destroying shared datagram flow control data
1820: 16:26:57.246 - Shutdown complete...
1820: 16:26:57.246 - Service shutting down
1820: 16:26:57.246 - Service shut down complete
16464: 16:37:32.119 - ---
16464: 16:37:32.119 - Service: "Photon Socket Server" starting
16464: 16:37:32.119 - Config File: E:\Dev\MOBAServer\Photon-OnPremise-Server\deploy\bin_Win64\PhotonServer.config
16464: 16:37:32.120 - Will produce at most: 10 crash dumps
16464: 16:37:32.120 - Action: run as exe
16464: 16:37:32.120 - Server Starting...
16464: 16:37:32.120 -    Tick count: 28123859 (wraps in: 49.3848 days)
16464: 16:37:32.120 - Tick count 64: 28123859
16464: 16:37:32.121 - Photon Version: 4.0.28.2962
16464: 16:37:32.121 - PID: 4488
16464: 16:37:32.121 - Config File: E:\Dev\MOBAServer\Photon-OnPremise-Server\deploy\bin_Win64\PhotonServer.config
16464: 16:37:32.121 - Will NOT log unimportant exceptions
16464: 16:37:32.122 - Not using performance counters as they are not currently installed. Run the service with /InstallCounters to install them.
16464: 16:37:32.122 - Shutdown timeout enabled: 30000ms
16464: 16:37:32.122 - Starting I/O thread pool with 2 threads
16464: 16:37:32.122 - Using Standard allocator
16464: 16:37:32.122 - Max message size: 512000
16464: 16:37:32.122 - Starting business logic thread pool with the following settings
16464: 16:37:32.122 - InitialThreads: 4 threads
16464: 16:37:32.122 - MinThreads: 4 threads
16464: 16:37:32.122 - Thread pool is fixed size
16464: 16:37:32.123 - Starting ENet thread pool with the following settings
16464: 16:37:32.123 - InitialThreads: 2 threads
16464: 16:37:32.123 - MinThreads: 2 threads
16464: 16:37:32.123 - Thread pool is fixed size
16464: 16:37:32.123 - OnlyDispatchTimers: False
16464: 16:37:32.123 - S2S: flow control: Max pending writes: 50
16464: 16:37:32.123 - S2S: flow control: Max queued buffers: 200
16464: 16:37:32.123 - S2S: flow control: Max pending writes MUX: 500
16464: 16:37:32.123 - S2S: flow control: Max queued buffers MUX: 2000
16464: 16:37:32.123 - S2S: MaxInboundMessageSize: 512000
16464: 16:37:32.123 - S2S: MaxOutboundMessageSize: 512000
16464: 16:37:32.123 - S2S: No inactivity timeout
16464: 16:37:32.125 - WebSocket S2S: MaxInboundMessageSize: 512000
16464: 16:37:32.125 - WebSocket S2S: MaxOutboundMessageSize: 512000
16464: 16:37:32.125 - WebSocket S2S: No inactivity timeout
16464: 16:37:32.125 - Max Reliable Data In Transit (awaiting ACKs) per peer : 51200 bytes
16464: 16:37:32.125 - Per peer bandwidth limit
16464: 16:37:32.125 - Transmit Rate Limit: 256 KB/Sec
16464: 16:37:32.125 - Limit period: 200ms
16464: 16:37:32.125 - Limit per period: 52428 bytes
16464: 16:37:32.125 - Max queued data for transmission per peer: 512000 bytes
16464: 16:37:32.125 - Minimum retransmit timeout: 200
16464: 16:37:32.125 - No Maximum retransmit timeout
16464: 16:37:32.125 - Minimum ENet timeout: 5000ms
16464: 16:37:32.125 - Maximum ENet timeout: 30000ms
16464: 16:37:32.125 - Max Inbound Reliable Data Queued (awaiting resends of earlier sequence numbers) per peer : 163840 bytes
16464: 16:37:32.125 - No RTT ACK adjustment timeout
16464: 16:37:32.125 - Outbound ENet: MaxInboundMessageSize: 512000
16464: 16:37:32.125 - Outbound ENet: MaxOutboundMessageSize: 512000
16464: 16:37:32.127 - GetRuntime - About to load CLR - versions available:
16464: 16:37:32.127 - v2.0.50727
16464: 16:37:32.127 - v4.0.30319
16464: 16:37:32.127 - Configuration requests: "v2.0.50727"
16464: 16:37:32.127 - About to load version: "v2.0.50727"
16464: 16:37:32.130 - About to load runtime: PhotonHostRuntime.PhotonDomainManager from PhotonHostRuntime, Culture=neutral, PublicKeyToken=02C301B61B060C4D
16464: 16:37:32.130 - CLRBaseDirectory set to "E:\Dev\MOBAServer\Photon-OnPremise-Server\deploy"
16464: 16:37:32.130 - Optimising event broadcast for 20 or more peers
16464: 16:37:32.131 - Start: About to load CLR - versions available:
16464: 16:37:32.131 - v2.0.50727
16464: 16:37:32.131 - v4.0.30319
16464: 16:37:32.131 - No preference in configuration file, will load latest.
16464: 16:37:32.131 - About to load version: "v4.0.30319"
16464: 16:37:32.132 - Loaded version: "v4.0.30319"
16464: 16:37:32.253 - Photon host runtime loaded
16464: 16:37:33.629 - License is valid.
16464: 16:37:33.629 - Licensed for 100 concurrent connections.
16464: 16:37:33.629 - ENet: Max Reliable Data In Transit (awaiting ACKs) per peer : 51200 bytes
16464: 16:37:33.629 - ENet: Per peer bandwidth limit
16464: 16:37:33.629 - ENet: Transmit Rate Limit: 256 KB/Sec
16464: 16:37:33.629 - ENet: Limit period: 200ms
16464: 16:37:33.629 - ENet: Limit per period: 52428 bytes
16464: 16:37:33.629 - ENet: Max queued data for transmission per peer: 512000 bytes
16464: 16:37:33.629 - ENet: Minimum retransmit timeout: 200
16464: 16:37:33.629 - No Maximum retransmit timeout
16464: 16:37:33.629 - ENet: Minimum timeout: 5000ms
16464: 16:37:33.629 - ENet: Maximum timeout: 30000ms
16464: 16:37:33.629 - ENet: Max Inbound Reliable Data Queued (awaiting resends of earlier sequence numbers) per peer : 163840 bytes
16464: 16:37:33.629 - No RTT ACK adjustment timeout
16464: 16:37:33.629 - About to load application: MOBA from MOBAServer
16464: 16:37:33.629 - Auto restart is enabled for application, existing connections will be terminated during restart
16464: 16:37:33.629 - Application will restart 1000ms after the last change detected
16464: 16:37:33.629 - Application will restart if files matching the following are changed: "dll;config"
16464: 16:37:33.629 - Application will NOT restart if files matching the following are changed: "log4net.config"
16464: 16:37:33.830 - Taking reference on default app domain
16464: 16:37:34.014 - Application: "MOBA" started in app domain: 2
16464: 16:37:34.014 - Adding TCP listener on: 0.0.0.0: 4530 with a listen backlog of: 150
16464: 16:37:34.014 - TCP inactivity timeout: 10000ms
16464: 16:37:34.014 - TCP disconnect timeout: 120000ms
16464: 16:37:34.014 - MaxInboundMessageSize: 512000
16464: 16:37:34.014 - MaxOutboundMessageSize: 512000
16464: 16:37:34.014 - Forcing all applications ids to: "MOBA"
16464: 16:37:34.015 - Serving policy file requests from: "E:\Dev\MOBAServer\Photon-OnPremise-Server\deploy\Policy\assets\socket-policy.xml"
16464: 16:37:34.015 - Adding TCP listener on: 0.0.0.0: 4520 with a listen backlog of: 150
16464: 16:37:34.015 - TCP inactivity timeout: 5000ms
16464: 16:37:34.015 - TCP disconnect timeout: 120000ms
16464: 16:37:34.015 - MaxInboundMessageSize: 512000
16464: 16:37:34.015 - MaxOutboundMessageSize: 512000
16464: 16:37:34.015 - Forcing all applications ids to: "MOBA"
16464: 16:37:34.015 - MaxInboundMessageSize: 512000
16464: 16:37:34.015 - MaxOutboundMessageSize: 512000
16464: 16:37:34.015 - UDP address specified as: "0.0.0.0" adding listener to each available IPv4 address
16464: 16:37:34.015 - Adding UDP listener on: 192.168.16.141: 5055 with a listen backlog of: 500
16464: 16:37:34.015 - Adding UDP listener on: 127.0.0.1: 5055 with a listen backlog of: 500
16464: 16:37:34.015 - Adding Policy File listener on: 0.0.0.0: 843 with a listen backlog of: 150 and serving Policy File: "E:\Dev\MOBAServer\Photon-OnPremise-Server\deploy\Policy\assets\socket-policy.xml"
16464: 16:37:34.015 - TCP inactivity timeout: 1000ms
16464: 16:37:34.016 - Adding Policy File listener on: 0.0.0.0: 943 with a listen backlog of: 150 and serving Policy File: "E:\Dev\MOBAServer\Photon-OnPremise-Server\deploy\Policy\assets\socket-policy-silverlight.xml"
16464: 16:37:34.016 - TCP inactivity timeout: 1000ms
16464: 16:37:34.029 - Service is running...
16464: 16:37:34.038 - MOBA:2 - PhotonRunning() failed.
Exception:
System.NotImplementedException: 未实现该方法或操作。
   在 MOBAServer.MobaApplication.Setup() 位置 E:\Dev\MOBAServer\Server\MOBAServer\MobaApplication.cs:行号 32
   在 Photon.SocketServer.ApplicationBase.PhotonHostRuntimeInterfaces.IPhotonControl.OnPhotonRunning() 位置 h:\svncontent\photon-socketserver-sdk_cloud\src\Photon.SocketServer\ApplicationBase.cs:行号 1189
   在 PhotonHostRuntime.PhotonDomainManager.PhotonRunning()
16464: 16:37:34.038 - CService::OnException() - Exception: CManagedHost::PhotonRunning() - Failed in AppDomain: 2 - 尚未实现
16464: 16:37:34.038 - Server shutting down...
16464: 16:37:34.038 - Shutdown monitoring enabled, 30000ms before process abort
16464: 16:37:34.038 - Notifying CLR applications of shutdown...
16464: 16:37:34.038 - RequestApplicationStop: 2
16464: 16:37:34.042 - RequestStop: defalt app domain
16464: 16:37:34.044 - Shutting down WebSocket Outbound Connection Manager...
16464: 16:37:34.044 - Shutting down TCP Outbound Connection Manager...
16464: 16:37:34.044 - Shutting down ENet Outbound Connection Manager...
16464: 16:37:34.044 - Disconnecting all outbound peers...
16464: 16:37:34.044 - Shutting down ENet host...
16464: 16:37:34.044 - Disconnecting all peers...
16464: 16:37:34.044 - Shutting down socket servers...
16464: 16:37:34.049 - Shutting down ENet thread pool...
16464: 16:37:34.050 - Shutting down TCP inactivity timers...
16464: 16:37:34.050 - WaitingForShutdownToComplete: NativePolicy:0.0.0.0:843
16464: 16:37:34.050 - OnShutdownCompleted: NativePolicy:0.0.0.0:843
16464: 16:37:34.050 - WaitingForShutdownToComplete: NativePolicy:0.0.0.0:943
16464: 16:37:34.050 - OnShutdownCompleted: NativePolicy:0.0.0.0:943
16464: 16:37:34.050 - WaitingForShutdownToComplete: TCP:0.0.0.0:4520
16464: 16:37:34.050 - OnShutdownCompleted: TCP:0.0.0.0:4520
16464: 16:37:34.050 - WaitingForShutdownToComplete: TCP:0.0.0.0:4530
16464: 16:37:34.050 - OnShutdownCompleted: TCP:0.0.0.0:4530
16464: 16:37:34.050 - WaitingForShutdownToComplete: UDP:127.0.0.1:5055
16464: 16:37:34.050 - OnShutdownCompleted: UDP:127.0.0.1:5055
16464: 16:37:34.050 - WaitingForShutdownToComplete: UDP:192.168.16.141:5055
16464: 16:37:34.050 - OnShutdownCompleted: UDP:192.168.16.141:5055
16464: 16:37:34.050 - Shutting down CLR applications...
16464: 16:37:34.053 - MOBA:2 - Stop() failed.
Exception:
System.NotImplementedException: 未实现该方法或操作。
   在 MOBAServer.MobaApplication.TearDown() 位置 E:\Dev\MOBAServer\Server\MOBAServer\MobaApplication.cs:行号 40
   在 Photon.SocketServer.ApplicationBase.PhotonHostRuntimeInterfaces.IPhotonControl.OnStop() 位置 h:\svncontent\photon-socketserver-sdk_cloud\src\Photon.SocketServer\ApplicationBase.cs:行号 1212
   在 PhotonHostRuntime.PhotonDomainManager.Stop()
16464: 16:37:34.053 - Shutting down business logic thread pool...
16464: 16:37:34.053 - Shutting down I/O thread pool...
16464: 16:37:34.053 - Destroying servers
16464: 16:37:34.053 - Destroying WebSocket Outbound Connection Manager
16464: 16:37:34.053 - Destroying TCP Outbound Connection Manager
16464: 16:37:34.053 - Destroying TCP inactivity timer
16464: 16:37:34.053 - Destroying ENet timer wheel
16464: 16:37:34.053 - Destroying ENet host
16464: 16:37:34.053 - Destroying ENet outbound host
16464: 16:37:34.053 - Destroying HTTP inactivity timer
16464: 16:37:34.053 - Destroying HTTP host
16464: 16:37:34.053 - Destroying HTTP Chunk host
16464: 16:37:34.053 - Flushing ENET buffer allocator...
16464: 16:37:34.054 - Flushing TCP buffer handle allocator...
16464: 16:37:34.054 - Flushing stream socket allocator...
16464: 16:37:34.054 - Flushing inbound datagram socket allocator...
16464: 16:37:34.056 - Flushing outbound datagram socket allocator...
16464: 16:37:34.056 - Destroying CLR dispatcher
16464: 16:37:34.056 - Destroying CLR applications
16464: 16:37:34.056 - ~CCLRApplicationCollection() - Waiting up to 10 seconds for the CLR to release all of our objects
16464: 16:37:44.056 - ~CCLRApplicationCollection() - CLR failed to release all COM objects. Photon peers and application sinks may have leaked
16464: 16:37:44.056 - ~CManagedHost() - Release default app domain
16464: 16:37:44.056 - CManagedHost::OnDomainUnload() - 1
16464: 16:37:44.056 - ~CManagedHost() - Waiting up to 10 seconds for CLR shutdown...
16464: 16:37:54.056 - ~CManagedHost() - Timeout waiting for CLR shutdown, we may report Photon peer leaks...
16464: 16:37:54.056 - Release domain manager: 2
16464: 16:37:54.056 - ~CManagedHost
16464: 16:37:54.056 - Destroying ENet thread pool
16464: 16:37:54.056 - Destroying Business logic thread pool
16464: 16:37:54.056 - Destroying I/O thread pool
16464: 16:37:54.056 - Destroying ENet buffer allocator
16464: 16:37:54.056 - Destroying TCP buffer allocator
16464: 16:37:54.056 - Destroying TCP socket allocator
16464: 16:37:54.056 - Destroying ENet inbound socket allocator
16464: 16:37:54.056 - Destroying ENet outbound socket allocator
16464: 16:37:54.056 - Destroying shared datagram flow control data
16464: 16:37:54.056 - Shutdown complete...
16464: 16:37:54.056 - Service shutting down
16464: 16:37:54.057 - Service shut down complete
10236: 16:38:50.480 - ---
10236: 16:38:50.480 - Service: "Photon Socket Server" starting
10236: 16:38:50.480 - Config File: E:\Dev\MOBAServer\Photon-OnPremise-Server\deploy\bin_Win64\PhotonServer.config
10236: 16:38:50.481 - Will produce at most: 10 crash dumps
10236: 16:38:50.481 - Action: run as exe
10236: 16:38:50.481 - Server Starting...
10236: 16:38:50.481 -    Tick count: 28202218 (wraps in: 49.3839 days)
10236: 16:38:50.481 - Tick count 64: 28202218
10236: 16:38:50.481 - Photon Version: 4.0.28.2962
10236: 16:38:50.481 - PID: 9544
10236: 16:38:50.481 - Config File: E:\Dev\MOBAServer\Photon-OnPremise-Server\deploy\bin_Win64\PhotonServer.config
10236: 16:38:50.482 - Will NOT log unimportant exceptions
10236: 16:38:50.483 - Not using performance counters as they are not currently installed. Run the service with /InstallCounters to install them.
10236: 16:38:50.483 - Shutdown timeout enabled: 30000ms
10236: 16:38:50.483 - Starting I/O thread pool with 2 threads
10236: 16:38:50.483 - Using Standard allocator
10236: 16:38:50.483 - Max message size: 512000
10236: 16:38:50.483 - Starting business logic thread pool with the following settings
10236: 16:38:50.483 - InitialThreads: 4 threads
10236: 16:38:50.483 - MinThreads: 4 threads
10236: 16:38:50.483 - Thread pool is fixed size
10236: 16:38:50.483 - Starting ENet thread pool with the following settings
10236: 16:38:50.483 - InitialThreads: 2 threads
10236: 16:38:50.483 - MinThreads: 2 threads
10236: 16:38:50.483 - Thread pool is fixed size
10236: 16:38:50.483 - OnlyDispatchTimers: False
10236: 16:38:50.484 - S2S: flow control: Max pending writes: 50
10236: 16:38:50.484 - S2S: flow control: Max queued buffers: 200
10236: 16:38:50.484 - S2S: flow control: Max pending writes MUX: 500
10236: 16:38:50.484 - S2S: flow control: Max queued buffers MUX: 2000
10236: 16:38:50.484 - S2S: MaxInboundMessageSize: 512000
10236: 16:38:50.484 - S2S: MaxOutboundMessageSize: 512000
10236: 16:38:50.484 - S2S: No inactivity timeout
10236: 16:38:50.486 - WebSocket S2S: MaxInboundMessageSize: 512000
10236: 16:38:50.486 - WebSocket S2S: MaxOutboundMessageSize: 512000
10236: 16:38:50.486 - WebSocket S2S: No inactivity timeout
10236: 16:38:50.486 - Max Reliable Data In Transit (awaiting ACKs) per peer : 51200 bytes
10236: 16:38:50.486 - Per peer bandwidth limit
10236: 16:38:50.486 - Transmit Rate Limit: 256 KB/Sec
10236: 16:38:50.486 - Limit period: 200ms
10236: 16:38:50.486 - Limit per period: 52428 bytes
10236: 16:38:50.486 - Max queued data for transmission per peer: 512000 bytes
10236: 16:38:50.486 - Minimum retransmit timeout: 200
10236: 16:38:50.486 - No Maximum retransmit timeout
10236: 16:38:50.486 - Minimum ENet timeout: 5000ms
10236: 16:38:50.486 - Maximum ENet timeout: 30000ms
10236: 16:38:50.486 - Max Inbound Reliable Data Queued (awaiting resends of earlier sequence numbers) per peer : 163840 bytes
10236: 16:38:50.486 - No RTT ACK adjustment timeout
10236: 16:38:50.486 - Outbound ENet: MaxInboundMessageSize: 512000
10236: 16:38:50.486 - Outbound ENet: MaxOutboundMessageSize: 512000
10236: 16:38:50.487 - GetRuntime - About to load CLR - versions available:
10236: 16:38:50.487 - v2.0.50727
10236: 16:38:50.487 - v4.0.30319
10236: 16:38:50.487 - Configuration requests: "v2.0.50727"
10236: 16:38:50.487 - About to load version: "v2.0.50727"
10236: 16:38:50.491 - About to load runtime: PhotonHostRuntime.PhotonDomainManager from PhotonHostRuntime, Culture=neutral, PublicKeyToken=02C301B61B060C4D
10236: 16:38:50.491 - CLRBaseDirectory set to "E:\Dev\MOBAServer\Photon-OnPremise-Server\deploy"
10236: 16:38:50.491 - Optimising event broadcast for 20 or more peers
10236: 16:38:50.492 - Start: About to load CLR - versions available:
10236: 16:38:50.492 - v2.0.50727
10236: 16:38:50.492 - v4.0.30319
10236: 16:38:50.492 - No preference in configuration file, will load latest.
10236: 16:38:50.492 - About to load version: "v4.0.30319"
10236: 16:38:50.492 - Loaded version: "v4.0.30319"
10236: 16:38:50.610 - Photon host runtime loaded
10236: 16:38:51.994 - License is valid.
10236: 16:38:51.994 - Licensed for 100 concurrent connections.
10236: 16:38:51.994 - ENet: Max Reliable Data In Transit (awaiting ACKs) per peer : 51200 bytes
10236: 16:38:51.994 - ENet: Per peer bandwidth limit
10236: 16:38:51.994 - ENet: Transmit Rate Limit: 256 KB/Sec
10236: 16:38:51.994 - ENet: Limit period: 200ms
10236: 16:38:51.994 - ENet: Limit per period: 52428 bytes
10236: 16:38:51.994 - ENet: Max queued data for transmission per peer: 512000 bytes
10236: 16:38:51.994 - ENet: Minimum retransmit timeout: 200
10236: 16:38:51.994 - No Maximum retransmit timeout
10236: 16:38:51.994 - ENet: Minimum timeout: 5000ms
10236: 16:38:51.994 - ENet: Maximum timeout: 30000ms
10236: 16:38:51.994 - ENet: Max Inbound Reliable Data Queued (awaiting resends of earlier sequence numbers) per peer : 163840 bytes
10236: 16:38:51.994 - No RTT ACK adjustment timeout
10236: 16:38:51.994 - About to load application: MOBA from MOBAServer
10236: 16:38:51.994 - Auto restart is enabled for application, existing connections will be terminated during restart
10236: 16:38:51.994 - Application will restart 1000ms after the last change detected
10236: 16:38:51.994 - Application will restart if files matching the following are changed: "dll;config"
10236: 16:38:51.994 - Application will NOT restart if files matching the following are changed: "log4net.config"
10236: 16:38:52.166 - Taking reference on default app domain
10236: 16:38:52.298 - Application: "MOBA" started in app domain: 2
10236: 16:38:52.299 - Adding TCP listener on: 0.0.0.0: 4530 with a listen backlog of: 150
10236: 16:38:52.299 - TCP inactivity timeout: 10000ms
10236: 16:38:52.299 - TCP disconnect timeout: 120000ms
10236: 16:38:52.299 - MaxInboundMessageSize: 512000
10236: 16:38:52.299 - MaxOutboundMessageSize: 512000
10236: 16:38:52.299 - Forcing all applications ids to: "MOBA"
10236: 16:38:52.299 - Serving policy file requests from: "E:\Dev\MOBAServer\Photon-OnPremise-Server\deploy\Policy\assets\socket-policy.xml"
10236: 16:38:52.299 - Adding TCP listener on: 0.0.0.0: 4520 with a listen backlog of: 150
10236: 16:38:52.299 - TCP inactivity timeout: 5000ms
10236: 16:38:52.299 - TCP disconnect timeout: 120000ms
10236: 16:38:52.299 - MaxInboundMessageSize: 512000
10236: 16:38:52.299 - MaxOutboundMessageSize: 512000
10236: 16:38:52.299 - Forcing all applications ids to: "MOBA"
10236: 16:38:52.299 - MaxInboundMessageSize: 512000
10236: 16:38:52.299 - MaxOutboundMessageSize: 512000
10236: 16:38:52.299 - UDP address specified as: "0.0.0.0" adding listener to each available IPv4 address
10236: 16:38:52.299 - Adding UDP listener on: 192.168.16.141: 5055 with a listen backlog of: 500
10236: 16:38:52.299 - Adding UDP listener on: 127.0.0.1: 5055 with a listen backlog of: 500
10236: 16:38:52.299 - Adding Policy File listener on: 0.0.0.0: 843 with a listen backlog of: 150 and serving Policy File: "E:\Dev\MOBAServer\Photon-OnPremise-Server\deploy\Policy\assets\socket-policy.xml"
10236: 16:38:52.299 - TCP inactivity timeout: 1000ms
10236: 16:38:52.300 - Adding Policy File listener on: 0.0.0.0: 943 with a listen backlog of: 150 and serving Policy File: "E:\Dev\MOBAServer\Photon-OnPremise-Server\deploy\Policy\assets\socket-policy-silverlight.xml"
10236: 16:38:52.300 - TCP inactivity timeout: 1000ms
10236: 16:38:52.314 - Service is running...
10236: 16:38:52.323 - MOBA:2 - PhotonRunning() failed.
Exception:
System.NotImplementedException: 未实现该方法或操作。
   在 MOBAServer.MobaApplication.Setup() 位置 E:\Dev\MOBAServer\Server\MOBAServer\MobaApplication.cs:行号 32
   在 Photon.SocketServer.ApplicationBase.PhotonHostRuntimeInterfaces.IPhotonControl.OnPhotonRunning() 位置 h:\svncontent\photon-socketserver-sdk_cloud\src\Photon.SocketServer\ApplicationBase.cs:行号 1189
   在 PhotonHostRuntime.PhotonDomainManager.PhotonRunning()
10236: 16:38:52.323 - CService::OnException() - Exception: CManagedHost::PhotonRunning() - Failed in AppDomain: 2 - 尚未实现
10236: 16:38:52.323 - Server shutting down...
10236: 16:38:52.323 - Shutdown monitoring enabled, 30000ms before process abort
10236: 16:38:52.323 - Notifying CLR applications of shutdown...
10236: 16:38:52.323 - RequestApplicationStop: 2
10236: 16:38:52.326 - RequestStop: defalt app domain
10236: 16:38:52.328 - Shutting down WebSocket Outbound Connection Manager...
10236: 16:38:52.328 - Shutting down TCP Outbound Connection Manager...
10236: 16:38:52.328 - Shutting down ENet Outbound Connection Manager...
10236: 16:38:52.328 - Disconnecting all outbound peers...
10236: 16:38:52.328 - Shutting down ENet host...
10236: 16:38:52.328 - Disconnecting all peers...
10236: 16:38:52.328 - Shutting down socket servers...
10236: 16:38:52.332 - Shutting down ENet thread pool...
10236: 16:38:52.332 - Shutting down TCP inactivity timers...
10236: 16:38:52.332 - WaitingForShutdownToComplete: NativePolicy:0.0.0.0:843
10236: 16:38:52.332 - OnShutdownCompleted: NativePolicy:0.0.0.0:843
10236: 16:38:52.332 - WaitingForShutdownToComplete: NativePolicy:0.0.0.0:943
10236: 16:38:52.332 - OnShutdownCompleted: NativePolicy:0.0.0.0:943
10236: 16:38:52.332 - WaitingForShutdownToComplete: TCP:0.0.0.0:4520
10236: 16:38:52.332 - OnShutdownCompleted: TCP:0.0.0.0:4520
10236: 16:38:52.332 - WaitingForShutdownToComplete: TCP:0.0.0.0:4530
10236: 16:38:52.332 - OnShutdownCompleted: TCP:0.0.0.0:4530
10236: 16:38:52.332 - WaitingForShutdownToComplete: UDP:127.0.0.1:5055
10236: 16:38:52.332 - OnShutdownCompleted: UDP:127.0.0.1:5055
10236: 16:38:52.332 - WaitingForShutdownToComplete: UDP:192.168.16.141:5055
10236: 16:38:52.332 - OnShutdownCompleted: UDP:192.168.16.141:5055
10236: 16:38:52.332 - Shutting down CLR applications...
10236: 16:38:52.337 - MOBA:2 - Stop() failed.
Exception:
System.NotImplementedException: 未实现该方法或操作。
   在 MOBAServer.MobaApplication.TearDown() 位置 E:\Dev\MOBAServer\Server\MOBAServer\MobaApplication.cs:行号 40
   在 Photon.SocketServer.ApplicationBase.PhotonHostRuntimeInterfaces.IPhotonControl.OnStop() 位置 h:\svncontent\photon-socketserver-sdk_cloud\src\Photon.SocketServer\ApplicationBase.cs:行号 1212
   在 PhotonHostRuntime.PhotonDomainManager.Stop()
10236: 16:38:52.337 - Shutting down business logic thread pool...
10236: 16:38:52.337 - Shutting down I/O thread pool...
10236: 16:38:52.337 - Destroying servers
10236: 16:38:52.337 - Destroying WebSocket Outbound Connection Manager
10236: 16:38:52.337 - Destroying TCP Outbound Connection Manager
10236: 16:38:52.337 - Destroying TCP inactivity timer
10236: 16:38:52.337 - Destroying ENet timer wheel
10236: 16:38:52.337 - Destroying ENet host
10236: 16:38:52.337 - Destroying ENet outbound host
10236: 16:38:52.337 - Destroying HTTP inactivity timer
10236: 16:38:52.337 - Destroying HTTP host
10236: 16:38:52.337 - Destroying HTTP Chunk host
10236: 16:38:52.337 - Flushing ENET buffer allocator...
10236: 16:38:52.338 - Flushing TCP buffer handle allocator...
10236: 16:38:52.338 - Flushing stream socket allocator...
10236: 16:38:52.338 - Flushing inbound datagram socket allocator...
10236: 16:38:52.339 - Flushing outbound datagram socket allocator...
10236: 16:38:52.339 - Destroying CLR dispatcher
10236: 16:38:52.339 - Destroying CLR applications
10236: 16:38:52.340 - ~CCLRApplicationCollection() - Waiting up to 10 seconds for the CLR to release all of our objects
10236: 16:39:02.340 - ~CCLRApplicationCollection() - CLR failed to release all COM objects. Photon peers and application sinks may have leaked
10236: 16:39:02.340 - ~CManagedHost() - Release default app domain
10236: 16:39:02.340 - CManagedHost::OnDomainUnload() - 1
10236: 16:39:02.340 - ~CManagedHost() - Waiting up to 10 seconds for CLR shutdown...
10236: 16:39:12.340 - ~CManagedHost() - Timeout waiting for CLR shutdown, we may report Photon peer leaks...
10236: 16:39:12.340 - Release domain manager: 2
10236: 16:39:12.340 - ~CManagedHost
10236: 16:39:12.340 - Destroying ENet thread pool
10236: 16:39:12.340 - Destroying Business logic thread pool
10236: 16:39:12.340 - Destroying I/O thread pool
10236: 16:39:12.340 - Destroying ENet buffer allocator
10236: 16:39:12.340 - Destroying TCP buffer allocator
10236: 16:39:12.340 - Destroying TCP socket allocator
10236: 16:39:12.340 - Destroying ENet inbound socket allocator
10236: 16:39:12.340 - Destroying ENet outbound socket allocator
10236: 16:39:12.340 - Destroying shared datagram flow control data
10236: 16:39:12.340 - Shutdown complete...
10236: 16:39:12.340 - Service shutting down
10236: 16:39:12.341 - Service shut down complete
9692: 16:39:59.401 - ---
9692: 16:39:59.401 - Service: "Photon Socket Server" starting
9692: 16:39:59.401 - Config File: E:\Dev\MOBAServer\Photon-OnPremise-Server\deploy\bin_Win64\PhotonServer.config
9692: 16:39:59.403 - Will produce at most: 10 crash dumps
9692: 16:39:59.403 - Action: run as exe
9692: 16:39:59.403 - Server Starting...
9692: 16:39:59.403 -    Tick count: 28271140 (wraps in: 49.3831 days)
9692: 16:39:59.403 - Tick count 64: 28271140
9692: 16:39:59.403 - Photon Version: 4.0.28.2962
9692: 16:39:59.403 - PID: 18728
9692: 16:39:59.403 - Config File: E:\Dev\MOBAServer\Photon-OnPremise-Server\deploy\bin_Win64\PhotonServer.config
9692: 16:39:59.403 - Will NOT log unimportant exceptions
9692: 16:39:59.405 - Not using performance counters as they are not currently installed. Run the service with /InstallCounters to install them.
9692: 16:39:59.405 - Shutdown timeout enabled: 30000ms
9692: 16:39:59.405 - Starting I/O thread pool with 2 threads
9692: 16:39:59.405 - Using Standard allocator
9692: 16:39:59.405 - Max message size: 512000
9692: 16:39:59.405 - Starting business logic thread pool with the following settings
9692: 16:39:59.405 - InitialThreads: 4 threads
9692: 16:39:59.405 - MinThreads: 4 threads
9692: 16:39:59.405 - Thread pool is fixed size
9692: 16:39:59.405 - Starting ENet thread pool with the following settings
9692: 16:39:59.405 - InitialThreads: 2 threads
9692: 16:39:59.405 - MinThreads: 2 threads
9692: 16:39:59.405 - Thread pool is fixed size
9692: 16:39:59.405 - OnlyDispatchTimers: False
9692: 16:39:59.405 - S2S: flow control: Max pending writes: 50
9692: 16:39:59.405 - S2S: flow control: Max queued buffers: 200
9692: 16:39:59.405 - S2S: flow control: Max pending writes MUX: 500
9692: 16:39:59.405 - S2S: flow control: Max queued buffers MUX: 2000
9692: 16:39:59.405 - S2S: MaxInboundMessageSize: 512000
9692: 16:39:59.405 - S2S: MaxOutboundMessageSize: 512000
9692: 16:39:59.405 - S2S: No inactivity timeout
9692: 16:39:59.407 - WebSocket S2S: MaxInboundMessageSize: 512000
9692: 16:39:59.407 - WebSocket S2S: MaxOutboundMessageSize: 512000
9692: 16:39:59.407 - WebSocket S2S: No inactivity timeout
9692: 16:39:59.407 - Max Reliable Data In Transit (awaiting ACKs) per peer : 51200 bytes
9692: 16:39:59.407 - Per peer bandwidth limit
9692: 16:39:59.407 - Transmit Rate Limit: 256 KB/Sec
9692: 16:39:59.407 - Limit period: 200ms
9692: 16:39:59.407 - Limit per period: 52428 bytes
9692: 16:39:59.407 - Max queued data for transmission per peer: 512000 bytes
9692: 16:39:59.407 - Minimum retransmit timeout: 200
9692: 16:39:59.407 - No Maximum retransmit timeout
9692: 16:39:59.407 - Minimum ENet timeout: 5000ms
9692: 16:39:59.407 - Maximum ENet timeout: 30000ms
9692: 16:39:59.407 - Max Inbound Reliable Data Queued (awaiting resends of earlier sequence numbers) per peer : 163840 bytes
9692: 16:39:59.407 - No RTT ACK adjustment timeout
9692: 16:39:59.407 - Outbound ENet: MaxInboundMessageSize: 512000
9692: 16:39:59.407 - Outbound ENet: MaxOutboundMessageSize: 512000
9692: 16:39:59.409 - GetRuntime - About to load CLR - versions available:
9692: 16:39:59.409 - v2.0.50727
9692: 16:39:59.409 - v4.0.30319
9692: 16:39:59.409 - Configuration requests: "v2.0.50727"
9692: 16:39:59.409 - About to load version: "v2.0.50727"
9692: 16:39:59.412 - About to load runtime: PhotonHostRuntime.PhotonDomainManager from PhotonHostRuntime, Culture=neutral, PublicKeyToken=02C301B61B060C4D
9692: 16:39:59.412 - CLRBaseDirectory set to "E:\Dev\MOBAServer\Photon-OnPremise-Server\deploy"
9692: 16:39:59.412 - Optimising event broadcast for 20 or more peers
9692: 16:39:59.413 - Start: About to load CLR - versions available:
9692: 16:39:59.413 - v2.0.50727
9692: 16:39:59.413 - v4.0.30319
9692: 16:39:59.413 - No preference in configuration file, will load latest.
9692: 16:39:59.413 - About to load version: "v4.0.30319"
9692: 16:39:59.414 - Loaded version: "v4.0.30319"
9692: 16:39:59.531 - Photon host runtime loaded
9692: 16:40:00.902 - License is valid.
9692: 16:40:00.902 - Licensed for 100 concurrent connections.
9692: 16:40:00.902 - ENet: Max Reliable Data In Transit (awaiting ACKs) per peer : 51200 bytes
9692: 16:40:00.902 - ENet: Per peer bandwidth limit
9692: 16:40:00.902 - ENet: Transmit Rate Limit: 256 KB/Sec
9692: 16:40:00.902 - ENet: Limit period: 200ms
9692: 16:40:00.902 - ENet: Limit per period: 52428 bytes
9692: 16:40:00.902 - ENet: Max queued data for transmission per peer: 512000 bytes
9692: 16:40:00.902 - ENet: Minimum retransmit timeout: 200
9692: 16:40:00.902 - No Maximum retransmit timeout
9692: 16:40:00.902 - ENet: Minimum timeout: 5000ms
9692: 16:40:00.902 - ENet: Maximum timeout: 30000ms
9692: 16:40:00.902 - ENet: Max Inbound Reliable Data Queued (awaiting resends of earlier sequence numbers) per peer : 163840 bytes
9692: 16:40:00.902 - No RTT ACK adjustment timeout
9692: 16:40:00.902 - About to load application: MOBA from MOBAServer
9692: 16:40:00.902 - Auto restart is enabled for application, existing connections will be terminated during restart
9692: 16:40:00.902 - Application will restart 1000ms after the last change detected
9692: 16:40:00.902 - Application will restart if files matching the following are changed: "dll;config"
9692: 16:40:00.902 - Application will NOT restart if files matching the following are changed: "log4net.config"
9692: 16:40:01.062 - Taking reference on default app domain
9692: 16:40:01.221 - Application: "MOBA" started in app domain: 2
9692: 16:40:01.221 - Adding TCP listener on: 0.0.0.0: 4530 with a listen backlog of: 150
9692: 16:40:01.221 - TCP inactivity timeout: 10000ms
9692: 16:40:01.221 - TCP disconnect timeout: 120000ms
9692: 16:40:01.221 - MaxInboundMessageSize: 512000
9692: 16:40:01.221 - MaxOutboundMessageSize: 512000
9692: 16:40:01.221 - Forcing all applications ids to: "MOBA"
9692: 16:40:01.221 - Serving policy file requests from: "E:\Dev\MOBAServer\Photon-OnPremise-Server\deploy\Policy\assets\socket-policy.xml"
9692: 16:40:01.221 - Adding TCP listener on: 0.0.0.0: 4520 with a listen backlog of: 150
9692: 16:40:01.221 - TCP inactivity timeout: 5000ms
9692: 16:40:01.221 - TCP disconnect timeout: 120000ms
9692: 16:40:01.221 - MaxInboundMessageSize: 512000
9692: 16:40:01.221 - MaxOutboundMessageSize: 512000
9692: 16:40:01.221 - Forcing all applications ids to: "MOBA"
9692: 16:40:01.221 - MaxInboundMessageSize: 512000
9692: 16:40:01.221 - MaxOutboundMessageSize: 512000
9692: 16:40:01.221 - UDP address specified as: "0.0.0.0" adding listener to each available IPv4 address
9692: 16:40:01.222 - Adding UDP listener on: 192.168.16.141: 5055 with a listen backlog of: 500
9692: 16:40:01.222 - Adding UDP listener on: 127.0.0.1: 5055 with a listen backlog of: 500
9692: 16:40:01.222 - Adding Policy File listener on: 0.0.0.0: 843 with a listen backlog of: 150 and serving Policy File: "E:\Dev\MOBAServer\Photon-OnPremise-Server\deploy\Policy\assets\socket-policy.xml"
9692: 16:40:01.222 - TCP inactivity timeout: 1000ms
9692: 16:40:01.222 - Adding Policy File listener on: 0.0.0.0: 943 with a listen backlog of: 150 and serving Policy File: "E:\Dev\MOBAServer\Photon-OnPremise-Server\deploy\Policy\assets\socket-policy-silverlight.xml"
9692: 16:40:01.222 - TCP inactivity timeout: 1000ms
9692: 16:40:01.236 - Service is running...
9692: 16:40:01.246 - MOBA:2 - PhotonRunning() failed.
Exception:
System.NotImplementedException: 未实现该方法或操作。
   在 MOBAServer.MobaApplication.Setup() 位置 E:\Dev\MOBAServer\Server\MOBAServer\MobaApplication.cs:行号 32
   在 Photon.SocketServer.ApplicationBase.PhotonHostRuntimeInterfaces.IPhotonControl.OnPhotonRunning() 位置 h:\svncontent\photon-socketserver-sdk_cloud\src\Photon.SocketServer\ApplicationBase.cs:行号 1189
   在 PhotonHostRuntime.PhotonDomainManager.PhotonRunning()
9692: 16:40:01.246 - CService::OnException() - Exception: CManagedHost::PhotonRunning() - Failed in AppDomain: 2 - 尚未实现
9692: 16:40:01.246 - Server shutting down...
9692: 16:40:01.246 - Shutdown monitoring enabled, 30000ms before process abort
9692: 16:40:01.246 - Notifying CLR applications of shutdown...
9692: 16:40:01.246 - RequestApplicationStop: 2
9692: 16:40:01.248 - RequestStop: defalt app domain
9692: 16:40:01.251 - Shutting down WebSocket Outbound Connection Manager...
9692: 16:40:01.251 - Shutting down TCP Outbound Connection Manager...
9692: 16:40:01.251 - Shutting down ENet Outbound Connection Manager...
9692: 16:40:01.251 - Disconnecting all outbound peers...
9692: 16:40:01.251 - Shutting down ENet host...
9692: 16:40:01.251 - Disconnecting all peers...
9692: 16:40:01.251 - Shutting down socket servers...
9692: 16:40:01.257 - Shutting down ENet thread pool...
9692: 16:40:01.257 - Shutting down TCP inactivity timers...
9692: 16:40:01.258 - WaitingForShutdownToComplete: NativePolicy:0.0.0.0:843
9692: 16:40:01.258 - OnShutdownCompleted: NativePolicy:0.0.0.0:843
9692: 16:40:01.258 - WaitingForShutdownToComplete: NativePolicy:0.0.0.0:943
9692: 16:40:01.258 - OnShutdownCompleted: NativePolicy:0.0.0.0:943
9692: 16:40:01.258 - WaitingForShutdownToComplete: TCP:0.0.0.0:4520
9692: 16:40:01.258 - OnShutdownCompleted: TCP:0.0.0.0:4520
9692: 16:40:01.258 - WaitingForShutdownToComplete: TCP:0.0.0.0:4530
9692: 16:40:01.258 - OnShutdownCompleted: TCP:0.0.0.0:4530
9692: 16:40:01.258 - WaitingForShutdownToComplete: UDP:127.0.0.1:5055
9692: 16:40:01.258 - OnShutdownCompleted: UDP:127.0.0.1:5055
9692: 16:40:01.258 - WaitingForShutdownToComplete: UDP:192.168.16.141:5055
9692: 16:40:01.258 - OnShutdownCompleted: UDP:192.168.16.141:5055
9692: 16:40:01.258 - Shutting down CLR applications...
9692: 16:40:01.261 - MOBA:2 - Stop() failed.
Exception:
System.NotImplementedException: 未实现该方法或操作。
   在 MOBAServer.MobaApplication.TearDown() 位置 E:\Dev\MOBAServer\Server\MOBAServer\MobaApplication.cs:行号 40
   在 Photon.SocketServer.ApplicationBase.PhotonHostRuntimeInterfaces.IPhotonControl.OnStop() 位置 h:\svncontent\photon-socketserver-sdk_cloud\src\Photon.SocketServer\ApplicationBase.cs:行号 1212
   在 PhotonHostRuntime.PhotonDomainManager.Stop()
9692: 16:40:01.261 - Shutting down business logic thread pool...
9692: 16:40:01.261 - Shutting down I/O thread pool...
9692: 16:40:01.262 - Destroying servers
9692: 16:40:01.262 - Destroying WebSocket Outbound Connection Manager
9692: 16:40:01.262 - Destroying TCP Outbound Connection Manager
9692: 16:40:01.262 - Destroying TCP inactivity timer
9692: 16:40:01.262 - Destroying ENet timer wheel
9692: 16:40:01.262 - Destroying ENet host
9692: 16:40:01.262 - Destroying ENet outbound host
9692: 16:40:01.262 - Destroying HTTP inactivity timer
9692: 16:40:01.262 - Destroying HTTP host
9692: 16:40:01.262 - Destroying HTTP Chunk host
9692: 16:40:01.262 - Flushing ENET buffer allocator...
9692: 16:40:01.263 - Flushing TCP buffer handle allocator...
9692: 16:40:01.263 - Flushing stream socket allocator...
9692: 16:40:01.263 - Flushing inbound datagram socket allocator...
9692: 16:40:01.264 - Flushing outbound datagram socket allocator...
9692: 16:40:01.264 - Destroying CLR dispatcher
9692: 16:40:01.264 - Destroying CLR applications
9692: 16:40:01.265 - ~CCLRApplicationCollection() - Waiting up to 10 seconds for the CLR to release all of our objects
9692: 16:40:11.265 - ~CCLRApplicationCollection() - CLR failed to release all COM objects. Photon peers and application sinks may have leaked
9692: 16:40:11.265 - ~CManagedHost() - Release default app domain
9692: 16:40:11.265 - CManagedHost::OnDomainUnload() - 1
9692: 16:40:11.265 - ~CManagedHost() - Waiting up to 10 seconds for CLR shutdown...
9692: 16:40:21.265 - ~CManagedHost() - Timeout waiting for CLR shutdown, we may report Photon peer leaks...
9692: 16:40:21.265 - Release domain manager: 2
9692: 16:40:21.265 - ~CManagedHost
9692: 16:40:21.265 - Destroying ENet thread pool
9692: 16:40:21.265 - Destroying Business logic thread pool
9692: 16:40:21.265 - Destroying I/O thread pool
9692: 16:40:21.265 - Destroying ENet buffer allocator
9692: 16:40:21.265 - Destroying TCP buffer allocator
9692: 16:40:21.265 - Destroying TCP socket allocator
9692: 16:40:21.265 - Destroying ENet inbound socket allocator
9692: 16:40:21.265 - Destroying ENet outbound socket allocator
9692: 16:40:21.265 - Destroying shared datagram flow control data
9692: 16:40:21.265 - Shutdown complete...
9692: 16:40:21.265 - Service shutting down
9692: 16:40:21.266 - Service shut down complete
19412: 16:40:32.398 - ---
19412: 16:40:32.398 - Service: "Photon Socket Server" starting
19412: 16:40:32.398 - Config File: E:\Dev\MOBAServer\Photon-OnPremise-Server\deploy\bin_Win64\PhotonServer.config
19412: 16:40:32.399 - Will produce at most: 10 crash dumps
19412: 16:40:32.400 - Action: run as exe
19412: 16:40:32.400 - Server Starting...
19412: 16:40:32.400 -    Tick count: 28304140 (wraps in: 49.3827 days)
19412: 16:40:32.400 - Tick count 64: 28304140
19412: 16:40:32.400 - Photon Version: 4.0.28.2962
19412: 16:40:32.400 - PID: 9816
19412: 16:40:32.400 - Config File: E:\Dev\MOBAServer\Photon-OnPremise-Server\deploy\bin_Win64\PhotonServer.config
19412: 16:40:32.400 - Will NOT log unimportant exceptions
19412: 16:40:32.401 - Not using performance counters as they are not currently installed. Run the service with /InstallCounters to install them.
19412: 16:40:32.401 - Shutdown timeout enabled: 30000ms
19412: 16:40:32.402 - Starting I/O thread pool with 2 threads
19412: 16:40:32.402 - Using Standard allocator
19412: 16:40:32.402 - Max message size: 512000
19412: 16:40:32.402 - Starting business logic thread pool with the following settings
19412: 16:40:32.402 - InitialThreads: 4 threads
19412: 16:40:32.402 - MinThreads: 4 threads
19412: 16:40:32.402 - Thread pool is fixed size
19412: 16:40:32.402 - Starting ENet thread pool with the following settings
19412: 16:40:32.402 - InitialThreads: 2 threads
19412: 16:40:32.402 - MinThreads: 2 threads
19412: 16:40:32.402 - Thread pool is fixed size
19412: 16:40:32.402 - OnlyDispatchTimers: False
19412: 16:40:32.402 - S2S: flow control: Max pending writes: 50
19412: 16:40:32.402 - S2S: flow control: Max queued buffers: 200
19412: 16:40:32.402 - S2S: flow control: Max pending writes MUX: 500
19412: 16:40:32.402 - S2S: flow control: Max queued buffers MUX: 2000
19412: 16:40:32.402 - S2S: MaxInboundMessageSize: 512000
19412: 16:40:32.402 - S2S: MaxOutboundMessageSize: 512000
19412: 16:40:32.402 - S2S: No inactivity timeout
19412: 16:40:32.404 - WebSocket S2S: MaxInboundMessageSize: 512000
19412: 16:40:32.404 - WebSocket S2S: MaxOutboundMessageSize: 512000
19412: 16:40:32.404 - WebSocket S2S: No inactivity timeout
19412: 16:40:32.404 - Max Reliable Data In Transit (awaiting ACKs) per peer : 51200 bytes
19412: 16:40:32.404 - Per peer bandwidth limit
19412: 16:40:32.404 - Transmit Rate Limit: 256 KB/Sec
19412: 16:40:32.404 - Limit period: 200ms
19412: 16:40:32.404 - Limit per period: 52428 bytes
19412: 16:40:32.404 - Max queued data for transmission per peer: 512000 bytes
19412: 16:40:32.404 - Minimum retransmit timeout: 200
19412: 16:40:32.404 - No Maximum retransmit timeout
19412: 16:40:32.404 - Minimum ENet timeout: 5000ms
19412: 16:40:32.404 - Maximum ENet timeout: 30000ms
19412: 16:40:32.404 - Max Inbound Reliable Data Queued (awaiting resends of earlier sequence numbers) per peer : 163840 bytes
19412: 16:40:32.404 - No RTT ACK adjustment timeout
19412: 16:40:32.404 - Outbound ENet: MaxInboundMessageSize: 512000
19412: 16:40:32.404 - Outbound ENet: MaxOutboundMessageSize: 512000
19412: 16:40:32.406 - GetRuntime - About to load CLR - versions available:
19412: 16:40:32.406 - v2.0.50727
19412: 16:40:32.406 - v4.0.30319
19412: 16:40:32.406 - Configuration requests: "v2.0.50727"
19412: 16:40:32.406 - About to load version: "v2.0.50727"
19412: 16:40:32.409 - About to load runtime: PhotonHostRuntime.PhotonDomainManager from PhotonHostRuntime, Culture=neutral, PublicKeyToken=02C301B61B060C4D
19412: 16:40:32.409 - CLRBaseDirectory set to "E:\Dev\MOBAServer\Photon-OnPremise-Server\deploy"
19412: 16:40:32.409 - Optimising event broadcast for 20 or more peers
19412: 16:40:32.409 - Start: About to load CLR - versions available:
19412: 16:40:32.409 - v2.0.50727
19412: 16:40:32.409 - v4.0.30319
19412: 16:40:32.409 - No preference in configuration file, will load latest.
19412: 16:40:32.409 - About to load version: "v4.0.30319"
19412: 16:40:32.410 - Loaded version: "v4.0.30319"
19412: 16:40:32.527 - Photon host runtime loaded
19412: 16:40:33.897 - License is valid.
19412: 16:40:33.897 - Licensed for 100 concurrent connections.
19412: 16:40:33.897 - ENet: Max Reliable Data In Transit (awaiting ACKs) per peer : 51200 bytes
19412: 16:40:33.897 - ENet: Per peer bandwidth limit
19412: 16:40:33.897 - ENet: Transmit Rate Limit: 256 KB/Sec
19412: 16:40:33.897 - ENet: Limit period: 200ms
19412: 16:40:33.897 - ENet: Limit per period: 52428 bytes
19412: 16:40:33.897 - ENet: Max queued data for transmission per peer: 512000 bytes
19412: 16:40:33.897 - ENet: Minimum retransmit timeout: 200
19412: 16:40:33.897 - No Maximum retransmit timeout
19412: 16:40:33.897 - ENet: Minimum timeout: 5000ms
19412: 16:40:33.897 - ENet: Maximum timeout: 30000ms
19412: 16:40:33.897 - ENet: Max Inbound Reliable Data Queued (awaiting resends of earlier sequence numbers) per peer : 163840 bytes
19412: 16:40:33.897 - No RTT ACK adjustment timeout
19412: 16:40:33.897 - About to load application: MOBA from MOBAServer
19412: 16:40:33.897 - Auto restart is enabled for application, existing connections will be terminated during restart
19412: 16:40:33.897 - Application will restart 1000ms after the last change detected
19412: 16:40:33.897 - Application will restart if files matching the following are changed: "dll;config"
19412: 16:40:33.897 - Application will NOT restart if files matching the following are changed: "log4net.config"
19412: 16:40:34.078 - Taking reference on default app domain
19412: 16:40:34.230 - Application: "MOBA" started in app domain: 2
19412: 16:40:34.230 - Adding TCP listener on: 0.0.0.0: 4530 with a listen backlog of: 150
19412: 16:40:34.230 - TCP inactivity timeout: 10000ms
19412: 16:40:34.230 - TCP disconnect timeout: 120000ms
19412: 16:40:34.230 - MaxInboundMessageSize: 512000
19412: 16:40:34.230 - MaxOutboundMessageSize: 512000
19412: 16:40:34.230 - Forcing all applications ids to: "MOBA"
19412: 16:40:34.230 - Serving policy file requests from: "E:\Dev\MOBAServer\Photon-OnPremise-Server\deploy\Policy\assets\socket-policy.xml"
19412: 16:40:34.230 - Adding TCP listener on: 0.0.0.0: 4520 with a listen backlog of: 150
19412: 16:40:34.230 - TCP inactivity timeout: 5000ms
19412: 16:40:34.230 - TCP disconnect timeout: 120000ms
19412: 16:40:34.230 - MaxInboundMessageSize: 512000
19412: 16:40:34.230 - MaxOutboundMessageSize: 512000
19412: 16:40:34.231 - Forcing all applications ids to: "MOBA"
19412: 16:40:34.231 - MaxInboundMessageSize: 512000
19412: 16:40:34.231 - MaxOutboundMessageSize: 512000
19412: 16:40:34.231 - UDP address specified as: "0.0.0.0" adding listener to each available IPv4 address
19412: 16:40:34.231 - Adding UDP listener on: 192.168.16.141: 5055 with a listen backlog of: 500
19412: 16:40:34.231 - Adding UDP listener on: 127.0.0.1: 5055 with a listen backlog of: 500
19412: 16:40:34.231 - Adding Policy File listener on: 0.0.0.0: 843 with a listen backlog of: 150 and serving Policy File: "E:\Dev\MOBAServer\Photon-OnPremise-Server\deploy\Policy\assets\socket-policy.xml"
19412: 16:40:34.231 - TCP inactivity timeout: 1000ms
19412: 16:40:34.231 - Adding Policy File listener on: 0.0.0.0: 943 with a listen backlog of: 150 and serving Policy File: "E:\Dev\MOBAServer\Photon-OnPremise-Server\deploy\Policy\assets\socket-policy-silverlight.xml"
19412: 16:40:34.231 - TCP inactivity timeout: 1000ms
19412: 16:40:34.247 - Service is running...
19412: 16:40:34.256 - MOBA:2 - PhotonRunning() failed.
Exception:
System.NotImplementedException: 未实现该方法或操作。
   在 MOBAServer.MobaApplication.Setup() 位置 E:\Dev\MOBAServer\Server\MOBAServer\MobaApplication.cs:行号 32
   在 Photon.SocketServer.ApplicationBase.PhotonHostRuntimeInterfaces.IPhotonControl.OnPhotonRunning() 位置 h:\svncontent\photon-socketserver-sdk_cloud\src\Photon.SocketServer\ApplicationBase.cs:行号 1189
   在 PhotonHostRuntime.PhotonDomainManager.PhotonRunning()
19412: 16:40:34.256 - CService::OnException() - Exception: CManagedHost::PhotonRunning() - Failed in AppDomain: 2 - 尚未实现
19412: 16:40:34.256 - Server shutting down...
19412: 16:40:34.256 - Shutdown monitoring enabled, 30000ms before process abort
19412: 16:40:34.257 - Notifying CLR applications of shutdown...
19412: 16:40:34.257 - RequestApplicationStop: 2
19412: 16:40:34.260 - RequestStop: defalt app domain
19412: 16:40:34.263 - Shutting down WebSocket Outbound Connection Manager...
19412: 16:40:34.263 - Shutting down TCP Outbound Connection Manager...
19412: 16:40:34.263 - Shutting down ENet Outbound Connection Manager...
19412: 16:40:34.263 - Disconnecting all outbound peers...
19412: 16:40:34.263 - Shutting down ENet host...
19412: 16:40:34.263 - Disconnecting all peers...
19412: 16:40:34.263 - Shutting down socket servers...
19412: 16:40:34.267 - Shutting down ENet thread pool...
19412: 16:40:34.268 - Shutting down TCP inactivity timers...
19412: 16:40:34.268 - WaitingForShutdownToComplete: NativePolicy:0.0.0.0:843
19412: 16:40:34.268 - OnShutdownCompleted: NativePolicy:0.0.0.0:843
19412: 16:40:34.268 - WaitingForShutdownToComplete: NativePolicy:0.0.0.0:943
19412: 16:40:34.268 - OnShutdownCompleted: NativePolicy:0.0.0.0:943
19412: 16:40:34.268 - WaitingForShutdownToComplete: TCP:0.0.0.0:4520
19412: 16:40:34.268 - OnShutdownCompleted: TCP:0.0.0.0:4520
19412: 16:40:34.268 - WaitingForShutdownToComplete: TCP:0.0.0.0:4530
19412: 16:40:34.268 - OnShutdownCompleted: TCP:0.0.0.0:4530
19412: 16:40:34.268 - WaitingForShutdownToComplete: UDP:127.0.0.1:5055
19412: 16:40:34.268 - OnShutdownCompleted: UDP:127.0.0.1:5055
19412: 16:40:34.268 - WaitingForShutdownToComplete: UDP:192.168.16.141:5055
19412: 16:40:34.268 - OnShutdownCompleted: UDP:192.168.16.141:5055
19412: 16:40:34.268 - Shutting down CLR applications...
19412: 16:40:34.271 - MOBA:2 - Stop() failed.
Exception:
System.NotImplementedException: 未实现该方法或操作。
   在 MOBAServer.MobaApplication.TearDown() 位置 E:\Dev\MOBAServer\Server\MOBAServer\MobaApplication.cs:行号 40
   在 Photon.SocketServer.ApplicationBase.PhotonHostRuntimeInterfaces.IPhotonControl.OnStop() 位置 h:\svncontent\photon-socketserver-sdk_cloud\src\Photon.SocketServer\ApplicationBase.cs:行号 1212
   在 PhotonHostRuntime.PhotonDomainManager.Stop()
19412: 16:40:34.271 - Shutting down business logic thread pool...
19412: 16:40:34.271 - Shutting down I/O thread pool...
19412: 16:40:34.271 - Destroying servers
19412: 16:40:34.271 - Destroying WebSocket Outbound Connection Manager
19412: 16:40:34.271 - Destroying TCP Outbound Connection Manager
19412: 16:40:34.271 - Destroying TCP inactivity timer
19412: 16:40:34.271 - Destroying ENet timer wheel
19412: 16:40:34.271 - Destroying ENet host
19412: 16:40:34.271 - Destroying ENet outbound host
19412: 16:40:34.271 - Destroying HTTP inactivity timer
19412: 16:40:34.271 - Destroying HTTP host
19412: 16:40:34.271 - Destroying HTTP Chunk host
19412: 16:40:34.271 - Flushing ENET buffer allocator...
19412: 16:40:34.272 - Flushing TCP buffer handle allocator...
19412: 16:40:34.272 - Flushing stream socket allocator...
19412: 16:40:34.273 - Flushing inbound datagram socket allocator...
19412: 16:40:34.274 - Flushing outbound datagram socket allocator...
19412: 16:40:34.274 - Destroying CLR dispatcher
19412: 16:40:34.274 - Destroying CLR applications
19412: 16:40:34.274 - ~CCLRApplicationCollection() - Waiting up to 10 seconds for the CLR to release all of our objects
19412: 16:40:44.275 - ~CCLRApplicationCollection() - CLR failed to release all COM objects. Photon peers and application sinks may have leaked
19412: 16:40:44.275 - ~CManagedHost() - Release default app domain
19412: 16:40:44.275 - CManagedHost::OnDomainUnload() - 1
19412: 16:40:44.275 - ~CManagedHost() - Waiting up to 10 seconds for CLR shutdown...
19412: 16:40:54.275 - ~CManagedHost() - Timeout waiting for CLR shutdown, we may report Photon peer leaks...
19412: 16:40:54.275 - Release domain manager: 2
19412: 16:40:54.275 - ~CManagedHost
19412: 16:40:54.275 - Destroying ENet thread pool
19412: 16:40:54.275 - Destroying Business logic thread pool
19412: 16:40:54.275 - Destroying I/O thread pool
19412: 16:40:54.275 - Destroying ENet buffer allocator
19412: 16:40:54.275 - Destroying TCP buffer allocator
19412: 16:40:54.275 - Destroying TCP socket allocator
19412: 16:40:54.275 - Destroying ENet inbound socket allocator
19412: 16:40:54.275 - Destroying ENet outbound socket allocator
19412: 16:40:54.275 - Destroying shared datagram flow control data
19412: 16:40:54.275 - Shutdown complete...
19412: 16:40:54.275 - Service shutting down
19412: 16:40:54.275 - Service shut down complete
19216: 16:41:45.512 - ---
19216: 16:41:45.512 - Service: "Photon Socket Server" starting
19216: 16:41:45.512 - Config File: E:\Dev\MOBAServer\Photon-OnPremise-Server\deploy\bin_Win64\PhotonServer.config
19216: 16:41:45.513 - Will produce at most: 10 crash dumps
19216: 16:41:45.513 - Action: run as exe
19216: 16:41:45.513 - Server Starting...
19216: 16:41:45.513 -    Tick count: 28377250 (wraps in: 49.3818 days)
19216: 16:41:45.513 - Tick count 64: 28377250
19216: 16:41:45.513 - Photon Version: 4.0.28.2962
19216: 16:41:45.513 - PID: 5728
19216: 16:41:45.513 - Config File: E:\Dev\MOBAServer\Photon-OnPremise-Server\deploy\bin_Win64\PhotonServer.config
19216: 16:41:45.513 - Will NOT log unimportant exceptions
19216: 16:41:45.515 - Not using performance counters as they are not currently installed. Run the service with /InstallCounters to install them.
19216: 16:41:45.515 - Shutdown timeout enabled: 30000ms
19216: 16:41:45.515 - Starting I/O thread pool with 2 threads
19216: 16:41:45.515 - Using Standard allocator
19216: 16:41:45.515 - Max message size: 512000
19216: 16:41:45.515 - Starting business logic thread pool with the following settings
19216: 16:41:45.515 - InitialThreads: 4 threads
19216: 16:41:45.515 - MinThreads: 4 threads
19216: 16:41:45.515 - Thread pool is fixed size
19216: 16:41:45.515 - Starting ENet thread pool with the following settings
19216: 16:41:45.515 - InitialThreads: 2 threads
19216: 16:41:45.515 - MinThreads: 2 threads
19216: 16:41:45.515 - Thread pool is fixed size
19216: 16:41:45.515 - OnlyDispatchTimers: False
19216: 16:41:45.515 - S2S: flow control: Max pending writes: 50
19216: 16:41:45.515 - S2S: flow control: Max queued buffers: 200
19216: 16:41:45.515 - S2S: flow control: Max pending writes MUX: 500
19216: 16:41:45.515 - S2S: flow control: Max queued buffers MUX: 2000
19216: 16:41:45.515 - S2S: MaxInboundMessageSize: 512000
19216: 16:41:45.515 - S2S: MaxOutboundMessageSize: 512000
19216: 16:41:45.515 - S2S: No inactivity timeout
19216: 16:41:45.518 - WebSocket S2S: MaxInboundMessageSize: 512000
19216: 16:41:45.518 - WebSocket S2S: MaxOutboundMessageSize: 512000
19216: 16:41:45.518 - WebSocket S2S: No inactivity timeout
19216: 16:41:45.518 - Max Reliable Data In Transit (awaiting ACKs) per peer : 51200 bytes
19216: 16:41:45.518 - Per peer bandwidth limit
19216: 16:41:45.518 - Transmit Rate Limit: 256 KB/Sec
19216: 16:41:45.518 - Limit period: 200ms
19216: 16:41:45.518 - Limit per period: 52428 bytes
19216: 16:41:45.518 - Max queued data for transmission per peer: 512000 bytes
19216: 16:41:45.518 - Minimum retransmit timeout: 200
19216: 16:41:45.518 - No Maximum retransmit timeout
19216: 16:41:45.518 - Minimum ENet timeout: 5000ms
19216: 16:41:45.518 - Maximum ENet timeout: 30000ms
19216: 16:41:45.518 - Max Inbound Reliable Data Queued (awaiting resends of earlier sequence numbers) per peer : 163840 bytes
19216: 16:41:45.518 - No RTT ACK adjustment timeout
19216: 16:41:45.518 - Outbound ENet: MaxInboundMessageSize: 512000
19216: 16:41:45.518 - Outbound ENet: MaxOutboundMessageSize: 512000
19216: 16:41:45.519 - GetRuntime - About to load CLR - versions available:
19216: 16:41:45.519 - v2.0.50727
19216: 16:41:45.519 - v4.0.30319
19216: 16:41:45.519 - Configuration requests: "v2.0.50727"
19216: 16:41:45.519 - About to load version: "v2.0.50727"
19216: 16:41:45.522 - About to load runtime: PhotonHostRuntime.PhotonDomainManager from PhotonHostRuntime, Culture=neutral, PublicKeyToken=02C301B61B060C4D
19216: 16:41:45.522 - CLRBaseDirectory set to "E:\Dev\MOBAServer\Photon-OnPremise-Server\deploy"
19216: 16:41:45.522 - Optimising event broadcast for 20 or more peers
19216: 16:41:45.523 - Start: About to load CLR - versions available:
19216: 16:41:45.523 - v2.0.50727
19216: 16:41:45.523 - v4.0.30319
19216: 16:41:45.523 - No preference in configuration file, will load latest.
19216: 16:41:45.523 - About to load version: "v4.0.30319"
19216: 16:41:45.524 - Loaded version: "v4.0.30319"
19216: 16:41:45.644 - Photon host runtime loaded
19216: 16:41:47.019 - License is valid.
19216: 16:41:47.019 - Licensed for 100 concurrent connections.
19216: 16:41:47.019 - ENet: Max Reliable Data In Transit (awaiting ACKs) per peer : 51200 bytes
19216: 16:41:47.019 - ENet: Per peer bandwidth limit
19216: 16:41:47.019 - ENet: Transmit Rate Limit: 256 KB/Sec
19216: 16:41:47.019 - ENet: Limit period: 200ms
19216: 16:41:47.019 - ENet: Limit per period: 52428 bytes
19216: 16:41:47.019 - ENet: Max queued data for transmission per peer: 512000 bytes
19216: 16:41:47.019 - ENet: Minimum retransmit timeout: 200
19216: 16:41:47.019 - No Maximum retransmit timeout
19216: 16:41:47.019 - ENet: Minimum timeout: 5000ms
19216: 16:41:47.019 - ENet: Maximum timeout: 30000ms
19216: 16:41:47.019 - ENet: Max Inbound Reliable Data Queued (awaiting resends of earlier sequence numbers) per peer : 163840 bytes
19216: 16:41:47.019 - No RTT ACK adjustment timeout
19216: 16:41:47.019 - About to load application: MOBA from MOBAServer
19216: 16:41:47.020 - Auto restart is enabled for application, existing connections will be terminated during restart
19216: 16:41:47.020 - Application will restart 1000ms after the last change detected
19216: 16:41:47.020 - Application will restart if files matching the following are changed: "dll;config"
19216: 16:41:47.020 - Application will NOT restart if files matching the following are changed: "log4net.config"
19216: 16:41:47.223 - Taking reference on default app domain
19216: 16:41:47.431 - Application: "MOBA" started in app domain: 2
19216: 16:41:47.431 - Adding TCP listener on: 0.0.0.0: 4530 with a listen backlog of: 150
19216: 16:41:47.431 - TCP inactivity timeout: 10000ms
19216: 16:41:47.431 - TCP disconnect timeout: 120000ms
19216: 16:41:47.431 - MaxInboundMessageSize: 512000
19216: 16:41:47.431 - MaxOutboundMessageSize: 512000
19216: 16:41:47.431 - Forcing all applications ids to: "MOBA"
19216: 16:41:47.431 - Serving policy file requests from: "E:\Dev\MOBAServer\Photon-OnPremise-Server\deploy\Policy\assets\socket-policy.xml"
19216: 16:41:47.431 - Adding TCP listener on: 0.0.0.0: 4520 with a listen backlog of: 150
19216: 16:41:47.431 - TCP inactivity timeout: 5000ms
19216: 16:41:47.431 - TCP disconnect timeout: 120000ms
19216: 16:41:47.431 - MaxInboundMessageSize: 512000
19216: 16:41:47.431 - MaxOutboundMessageSize: 512000
19216: 16:41:47.431 - Forcing all applications ids to: "MOBA"
19216: 16:41:47.431 - MaxInboundMessageSize: 512000
19216: 16:41:47.431 - MaxOutboundMessageSize: 512000
19216: 16:41:47.431 - UDP address specified as: "0.0.0.0" adding listener to each available IPv4 address
19216: 16:41:47.431 - Adding UDP listener on: 192.168.16.141: 5055 with a listen backlog of: 500
19216: 16:41:47.431 - Adding UDP listener on: 127.0.0.1: 5055 with a listen backlog of: 500
19216: 16:41:47.431 - Adding Policy File listener on: 0.0.0.0: 843 with a listen backlog of: 150 and serving Policy File: "E:\Dev\MOBAServer\Photon-OnPremise-Server\deploy\Policy\assets\socket-policy.xml"
19216: 16:41:47.432 - TCP inactivity timeout: 1000ms
19216: 16:41:47.432 - Adding Policy File listener on: 0.0.0.0: 943 with a listen backlog of: 150 and serving Policy File: "E:\Dev\MOBAServer\Photon-OnPremise-Server\deploy\Policy\assets\socket-policy-silverlight.xml"
19216: 16:41:47.432 - TCP inactivity timeout: 1000ms
19216: 16:41:47.445 - Service is running...
17280: 16:43:41.381 - Restarting application: "MOBA" due to file changes
17280: 16:43:41.381 - Application: "MOBA" restart request (abort existing connections)
17280: 16:43:41.567 - Taking reference on default app domain
17280: 16:43:41.734 - Application: "MOBA" started in app domain: 3
17280: 16:43:41.860 - RequestApplicationStop: 2
17280: 16:43:41.871 - Application: "MOBA" stopped in app domain: 2 (abort existing connections)
17280: 16:43:41.871 - Application: "MOBA" restart complete.
17656: 16:43:41.872 - CManagedHost::OnDefaultAction() - OPR_AppDomainUnload - eUnloadAppDomain
18044: 16:43:41.880 - Unloading Domain: ApplicationName = 'MOBA', DomainId='2'
17656: 16:43:41.881 - CManagedHost::OnDomainUnload() - 2
