3224: 18:40:41.577 - ---
3224: 18:40:41.578 - Service: "Photon Socket Server" starting
3224: 18:40:41.578 - Config File: E:\Dev\MOBAServer\Photon-OnPremise-Server\deploy\bin_Win64\PhotonServer.config
3224: 18:40:41.580 - Will produce at most: 10 crash dumps
3224: 18:40:41.580 - Service shutting down
3224: 18:40:41.581 - Service shut down complete
16468: 18:40:52.477 - ---
16468: 18:40:52.477 - Service: "Photon Socket Server" starting
16468: 18:40:52.478 - Config File: E:\Dev\MOBAServer\Photon-OnPremise-Server\deploy\bin_Win64\PhotonServer.config
16468: 18:40:52.479 - Will produce at most: 10 crash dumps
16468: 18:40:52.479 - Service shutting down
16468: 18:40:52.481 - Service shut down complete
14544: 18:55:49.446 - ---
14544: 18:55:49.446 - Service: "Photon Socket Server" starting
14544: 18:55:49.446 - Config File: E:\Dev\MOBAServer\Photon-OnPremise-Server\deploy\bin_Win64\PhotonServer.config
14544: 18:55:49.448 - Will produce at most: 10 crash dumps
14544: 18:55:49.448 - Service shutting down
14544: 18:55:49.449 - Service shut down complete
836: 19:21:57.355 - ---
836: 19:21:57.355 - Service: "Photon Socket Server" starting
836: 19:21:57.355 - Config File: E:\Dev\MOBAServer\Photon-OnPremise-Server\deploy\bin_Win64\PhotonServer.config
836: 19:21:57.357 - Will produce at most: 10 crash dumps
836: 19:21:57.357 - Service shutting down
836: 19:21:57.360 - Service shut down complete
9884: 19:31:43.920 - ---
9884: 19:31:43.920 - Service: "Photon Socket Server" starting
9884: 19:31:43.920 - Config File: E:\Dev\MOBAServer\Photon-OnPremise-Server\deploy\bin_Win64\PhotonServer.config
9884: 19:31:43.922 - Will produce at most: 10 crash dumps
9884: 19:31:43.922 - Service shutting down
9884: 19:31:43.924 - Service shut down complete
15756: 19:34:15.761 - ---
15756: 19:34:15.761 - Service: "Photon Socket Server" starting
15756: 19:34:15.761 - Config File: E:\Dev\MOBAServer\Photon-OnPremise-Server\deploy\bin_Win64\PhotonServer.config
15756: 19:34:15.763 - Will produce at most: 10 crash dumps
15756: 19:34:15.763 - Service shutting down
15756: 19:34:15.765 - Service shut down complete
5080: 19:38:32.178 - ---
5080: 19:38:32.178 - Service: "Photon Socket Server" starting
5080: 19:38:32.178 - Config File: E:\Dev\MOBAServer\Photon-OnPremise-Server\deploy\bin_Win64\PhotonServer.config
5080: 19:38:32.179 - Will produce at most: 10 crash dumps
5080: 19:38:32.179 - Service shutting down
5080: 19:38:32.180 - Service shut down complete
10860: 19:50:51.496 - ---
10860: 19:50:51.496 - Service: "Photon Socket Server" starting
10860: 19:50:51.496 - Config File: E:\Dev\MOBAServer\Photon-OnPremise-Server\deploy\bin_Win64\PhotonServer.config
10860: 19:50:51.497 - Will produce at most: 10 crash dumps
10860: 19:50:51.497 - Service shutting down
10860: 19:50:51.499 - Service shut down complete
